<?xml version="1.0" encoding="utf-8"?>
<CoverageSession xmlns:xsd="http://www.w3.org/2001/XMLSchema" xmlns:xsi="http://www.w3.org/2001/XMLSchema-instance" Version="4.7.1221.0">
  <Summary numSequencePoints="174" visitedSequencePoints="155" numBranchPoints="71" visitedBranchPoints="53" sequenceCoverage="89.08" branchCoverage="74.65" maxCyclomaticComplexity="10" minCyclomaticComplexity="1" maxCrapScore="20" minCrapScore="1" visitedClasses="4" numClasses="6" visitedMethods="24" numMethods="27" />
  <Modules>
    <Module skippedDueTo="Filter" hash="88-DC-63-B8-71-5E-2F-C4-CF-59-A7-55-2B-4E-6E-60-2B-EF-E7-C6">
      <ModulePath>C:\Program Files\dotnet\shared\Microsoft.NETCore.App\6.0.0-rc.1.21451.13\System.Private.CoreLib.dll</ModulePath>
      <ModuleTime>2021-09-13T17:34:38Z</ModuleTime>
      <ModuleName>System.Private.CoreLib</ModuleName>
      <Classes />
    </Module>
    <Module skippedDueTo="MissingPdb" hash="C1-86-B0-30-37-C5-D0-CF-D4-79-5C-A9-C8-F2-4C-C8-12-2D-72-86">
      <ModulePath>C:\Program Files\dotnet\sdk\6.0.100-rc.1.21463.6\dotnet.dll</ModulePath>
      <ModuleTime>2021-09-13T18:04:14Z</ModuleTime>
      <ModuleName>dotnet</ModuleName>
      <Classes />
    </Module>
    <Module skippedDueTo="Filter" hash="B9-59-00-2C-98-C9-FB-51-F0-51-F0-13-74-73-25-87-49-A4-06-A8">
      <ModulePath>C:\Program Files\dotnet\shared\Microsoft.NETCore.App\6.0.0-rc.1.21451.13\System.Runtime.dll</ModulePath>
      <ModuleTime>2021-09-13T17:34:54Z</ModuleTime>
      <ModuleName>System.Runtime</ModuleName>
      <Classes />
    </Module>
    <Module skippedDueTo="Filter" hash="EF-21-85-A9-E2-7C-C7-7D-50-0E-D2-93-29-55-1F-48-95-5E-8D-C0">
      <ModulePath>C:\Program Files\dotnet\shared\Microsoft.NETCore.App\6.0.0-rc.1.21451.13\System.Diagnostics.Tracing.dll</ModulePath>
      <ModuleTime>2021-09-13T17:34:56Z</ModuleTime>
      <ModuleName>System.Diagnostics.Tracing</ModuleName>
      <Classes />
    </Module>
    <Module skippedDueTo="Filter" hash="85-42-E1-A2-69-AB-A8-30-4A-04-00-D4-62-17-33-AE-66-45-74-0D">
      <ModulePath>C:\Program Files\dotnet\shared\Microsoft.NETCore.App\6.0.0-rc.1.21451.13\System.Diagnostics.Process.dll</ModulePath>
      <ModuleTime>2021-09-13T17:34:52Z</ModuleTime>
      <ModuleName>System.Diagnostics.Process</ModuleName>
      <Classes />
    </Module>
    <Module skippedDueTo="Filter" hash="A2-5D-D9-AB-11-F4-C0-E3-5B-7C-53-DE-05-F0-CF-CA-8A-91-9E-5A">
      <ModulePath>C:\Program Files\dotnet\shared\Microsoft.NETCore.App\6.0.0-rc.1.21451.13\System.ComponentModel.Primitives.dll</ModulePath>
      <ModuleTime>2021-09-13T17:34:50Z</ModuleTime>
      <ModuleName>System.ComponentModel.Primitives</ModuleName>
      <Classes />
    </Module>
    <Module skippedDueTo="MissingPdb" hash="C9-8F-49-A6-7A-6B-8F-46-39-B1-87-46-21-8F-05-E6-B2-A8-4B-0D">
      <ModulePath>C:\Program Files\dotnet\sdk\6.0.100-rc.1.21463.6\Microsoft.DotNet.Cli.Utils.dll</ModulePath>
      <ModuleTime>2021-09-13T18:03:54Z</ModuleTime>
      <ModuleName>Microsoft.DotNet.Cli.Utils</ModuleName>
      <Classes />
    </Module>
    <Module skippedDueTo="Filter" hash="02-22-9F-F4-6B-3E-BD-D3-93-16-21-5E-7D-58-B5-C4-88-D5-38-B1">
      <ModulePath>C:\Program Files\dotnet\sdk\6.0.100-rc.1.21463.6\System.CommandLine.dll</ModulePath>
      <ModuleTime>2021-09-13T18:03:36Z</ModuleTime>
      <ModuleName>System.CommandLine</ModuleName>
      <Classes />
    </Module>
    <Module skippedDueTo="MissingPdb" hash="5C-68-00-3F-F9-78-0A-DC-DA-EC-7E-39-8E-3E-10-EF-7E-6C-9C-1C">
      <ModulePath>C:\Program Files\dotnet\shared\Microsoft.NETCore.App\6.0.0-rc.1.21451.13\netstandard.dll</ModulePath>
      <ModuleTime>2021-09-13T17:33:34Z</ModuleTime>
      <ModuleName>netstandard</ModuleName>
      <Classes />
    </Module>
    <Module skippedDueTo="MissingPdb" hash="5B-3C-F6-0F-D4-A2-51-B1-50-A2-D7-A6-24-F1-45-D5-06-54-B1-54">
      <ModulePath>C:\Program Files\dotnet\sdk\6.0.100-rc.1.21463.6\Microsoft.DotNet.InternalAbstractions.dll</ModulePath>
      <ModuleTime>2021-09-13T18:05:08Z</ModuleTime>
      <ModuleName>Microsoft.DotNet.InternalAbstractions</ModuleName>
      <Classes />
    </Module>
    <Module skippedDueTo="MissingPdb" hash="B6-B1-6B-3D-55-15-CE-0E-B0-63-F0-CF-47-4C-AE-3F-3C-1B-15-53">
      <ModulePath>C:\Program Files\dotnet\shared\Microsoft.NETCore.App\6.0.0-rc.1.21451.13\Microsoft.Win32.Primitives.dll</ModulePath>
      <ModuleTime>2021-09-13T17:34:44Z</ModuleTime>
      <ModuleName>Microsoft.Win32.Primitives</ModuleName>
      <Classes />
    </Module>
    <Module skippedDueTo="Filter" hash="6D-CA-1B-2A-F7-9D-FA-AA-7A-90-AB-B7-72-D3-36-81-10-65-73-9D">
      <ModulePath>C:\Program Files\dotnet\shared\Microsoft.NETCore.App\6.0.0-rc.1.21451.13\System.Runtime.InteropServices.dll</ModulePath>
      <ModuleTime>2021-09-13T17:34:42Z</ModuleTime>
      <ModuleName>System.Runtime.InteropServices</ModuleName>
      <Classes />
    </Module>
    <Module skippedDueTo="Filter" hash="3C-37-E4-F1-10-A0-76-5B-98-84-09-46-62-81-52-E5-99-DB-B1-73">
      <ModulePath>C:\Program Files\dotnet\shared\Microsoft.NETCore.App\6.0.0-rc.1.21451.13\System.Runtime.InteropServices.RuntimeInformation.dll</ModulePath>
      <ModuleTime>2021-09-13T17:34:44Z</ModuleTime>
      <ModuleName>System.Runtime.InteropServices.RuntimeInformation</ModuleName>
      <Classes />
    </Module>
    <Module skippedDueTo="Filter" hash="27-49-CB-0A-48-8B-1A-3F-70-9D-0F-E4-22-89-32-09-42-B9-0B-78">
      <ModulePath>C:\Program Files\dotnet\shared\Microsoft.NETCore.App\6.0.0-rc.1.21451.13\System.Text.Encoding.CodePages.dll</ModulePath>
      <ModuleTime>2021-09-13T17:34:48Z</ModuleTime>
      <ModuleName>System.Text.Encoding.CodePages</ModuleName>
      <Classes />
    </Module>
    <Module skippedDueTo="Filter" hash="DE-79-8B-55-8C-6C-6A-E7-47-30-34-49-A9-DE-F8-59-60-71-7E-14">
      <ModulePath>C:\Program Files\dotnet\shared\Microsoft.NETCore.App\6.0.0-rc.1.21451.13\System.Collections.dll</ModulePath>
      <ModuleTime>2021-09-13T17:35:34Z</ModuleTime>
      <ModuleName>System.Collections</ModuleName>
      <Classes />
    </Module>
    <Module skippedDueTo="Filter" hash="C7-D3-A7-09-54-72-06-C5-7B-59-D2-0D-B2-37-6D-67-81-E2-40-D1">
      <ModulePath>C:\Program Files\dotnet\shared\Microsoft.NETCore.App\6.0.0-rc.1.21451.13\System.Threading.dll</ModulePath>
      <ModuleTime>2021-09-13T17:34:50Z</ModuleTime>
      <ModuleName>System.Threading</ModuleName>
      <Classes />
    </Module>
    <Module skippedDueTo="MissingPdb" hash="7D-2D-39-6A-66-83-59-52-06-F1-8D-B7-D4-F7-6E-A9-1F-EE-39-B8">
      <ModulePath>C:\Program Files\dotnet\sdk\6.0.100-rc.1.21463.6\Microsoft.DotNet.Configurer.dll</ModulePath>
      <ModuleTime>2021-09-13T18:03:54Z</ModuleTime>
      <ModuleName>Microsoft.DotNet.Configurer</ModuleName>
      <Classes />
    </Module>
    <Module skippedDueTo="Filter" hash="44-25-7F-68-79-C9-72-21-21-B3-6E-14-47-CE-B4-5F-AB-6B-54-35">
      <ModulePath>C:\Program Files\dotnet\shared\Microsoft.NETCore.App\6.0.0-rc.1.21451.13\System.Linq.dll</ModulePath>
      <ModuleTime>2021-09-13T17:34:34Z</ModuleTime>
      <ModuleName>System.Linq</ModuleName>
      <Classes />
    </Module>
    <Module skippedDueTo="MissingPdb" hash="E4-D3-AA-21-8F-AC-4B-99-26-CA-FE-70-EE-42-2E-4A-71-95-F3-AD">
      <ModulePath>C:\Program Files\dotnet\sdk\6.0.100-rc.1.21463.6\NuGet.Frameworks.dll</ModulePath>
      <ModuleTime>2021-09-13T18:03:12Z</ModuleTime>
      <ModuleName>NuGet.Frameworks</ModuleName>
      <Classes />
    </Module>
    <Module skippedDueTo="Filter" hash="A0-5E-5E-31-CC-F1-6A-4F-28-FF-25-03-C6-5C-E6-42-DE-0B-6A-4C">
      <ModulePath>C:\Program Files\dotnet\shared\Microsoft.NETCore.App\6.0.0-rc.1.21451.13\System.Console.dll</ModulePath>
      <ModuleTime>2021-09-13T17:34:50Z</ModuleTime>
      <ModuleName>System.Console</ModuleName>
      <Classes />
    </Module>
    <Module skippedDueTo="Filter" hash="CD-40-7B-EB-C6-8E-70-D2-57-67-05-34-B1-91-B5-A9-60-B8-D2-55">
      <ModulePath>C:\Program Files\dotnet\shared\Microsoft.NETCore.App\6.0.0-rc.1.21451.13\System.Memory.dll</ModulePath>
      <ModuleTime>2021-09-13T17:35:38Z</ModuleTime>
      <ModuleName>System.Memory</ModuleName>
      <Classes />
    </Module>
    <Module skippedDueTo="Filter" hash="33-FE-08-5E-6A-8D-98-88-D1-79-0A-73-00-96-1E-F7-71-4D-C0-8C">
      <ModulePath>C:\Program Files\dotnet\shared\Microsoft.NETCore.App\6.0.0-rc.1.21451.13\System.ComponentModel.TypeConverter.dll</ModulePath>
      <ModuleTime>2021-09-13T17:34:50Z</ModuleTime>
      <ModuleName>System.ComponentModel.TypeConverter</ModuleName>
      <Classes />
    </Module>
    <Module skippedDueTo="Filter" hash="C2-55-60-F8-2F-44-22-9E-77-FC-02-B8-B5-8A-5B-A2-A9-F4-C0-DE">
      <ModulePath>C:\Program Files\dotnet\shared\Microsoft.NETCore.App\6.0.0-rc.1.21451.13\System.ObjectModel.dll</ModulePath>
      <ModuleTime>2021-09-13T17:34:40Z</ModuleTime>
      <ModuleName>System.ObjectModel</ModuleName>
      <Classes />
    </Module>
    <Module skippedDueTo="Filter" hash="63-CB-22-BB-CC-94-77-93-C1-9C-22-AD-66-11-57-2F-AC-60-62-89">
      <ModulePath>C:\Program Files\dotnet\shared\Microsoft.NETCore.App\6.0.0-rc.1.21451.13\System.Private.Uri.dll</ModulePath>
      <ModuleTime>2021-09-13T17:34:42Z</ModuleTime>
      <ModuleName>System.Private.Uri</ModuleName>
      <Classes />
    </Module>
    <Module skippedDueTo="Filter" hash="0E-AB-69-ED-26-E7-52-A1-D9-58-EB-78-D3-D9-49-B2-27-1A-AD-5B">
      <ModulePath>C:\Program Files\dotnet\shared\Microsoft.NETCore.App\6.0.0-rc.1.21451.13\System.ComponentModel.dll</ModulePath>
      <ModuleTime>2021-09-13T17:34:46Z</ModuleTime>
      <ModuleName>System.ComponentModel</ModuleName>
      <Classes />
    </Module>
    <Module skippedDueTo="Filter" hash="50-1B-9C-65-38-59-04-79-BD-CF-0A-AC-CD-55-53-E8-1A-28-DD-DD">
      <ModulePath>C:\Program Files\dotnet\shared\Microsoft.NETCore.App\6.0.0-rc.1.21451.13\System.Text.Encoding.Extensions.dll</ModulePath>
      <ModuleTime>2021-09-13T17:34:54Z</ModuleTime>
      <ModuleName>System.Text.Encoding.Extensions</ModuleName>
      <Classes />
    </Module>
    <Module skippedDueTo="Filter" hash="95-87-96-F7-AC-68-C7-D6-CC-82-45-78-38-1B-64-B8-5E-E5-89-45">
      <ModulePath>C:\Program Files\dotnet\shared\Microsoft.NETCore.App\6.0.0-rc.1.21451.13\System.Runtime.CompilerServices.Unsafe.dll</ModulePath>
      <ModuleTime>2021-09-13T17:34:44Z</ModuleTime>
      <ModuleName>System.Runtime.CompilerServices.Unsafe</ModuleName>
      <Classes />
    </Module>
    <Module skippedDueTo="MissingPdb" hash="EE-0A-F2-FB-FC-ED-77-80-48-C5-8C-EF-F6-80-3B-EE-B7-A7-8A-BD">
      <ModulePath>C:\Program Files\dotnet\sdk\6.0.100-rc.1.21463.6\Microsoft.ApplicationInsights.dll</ModulePath>
      <ModuleTime>2021-09-13T18:03:12Z</ModuleTime>
      <ModuleName>Microsoft.ApplicationInsights</ModuleName>
      <Classes />
    </Module>
    <Module skippedDueTo="Filter" hash="F6-FA-AA-33-13-2B-B8-37-E2-42-EC-45-42-6E-77-67-25-DD-4E-83">
      <ModulePath>C:\Program Files\dotnet\shared\Microsoft.NETCore.App\6.0.0-rc.1.21451.13\System.Security.Cryptography.Algorithms.dll</ModulePath>
      <ModuleTime>2021-09-13T17:34:44Z</ModuleTime>
      <ModuleName>System.Security.Cryptography.Algorithms</ModuleName>
      <Classes />
    </Module>
    <Module skippedDueTo="Filter" hash="5D-65-08-5C-28-F2-01-82-85-49-66-AB-65-0C-01-39-0A-2D-54-B3">
      <ModulePath>C:\Program Files\dotnet\shared\Microsoft.NETCore.App\6.0.0-rc.1.21451.13\System.Security.Cryptography.Primitives.dll</ModulePath>
      <ModuleTime>2021-09-13T17:34:46Z</ModuleTime>
      <ModuleName>System.Security.Cryptography.Primitives</ModuleName>
      <Classes />
    </Module>
    <Module skippedDueTo="Filter" hash="BA-5F-02-C9-29-C2-43-6C-D8-93-A4-70-ED-5A-7E-90-29-F8-BA-CE">
      <ModulePath>C:\Program Files\dotnet\shared\Microsoft.NETCore.App\6.0.0-rc.1.21451.13\System.Reflection.Extensions.dll</ModulePath>
      <ModuleTime>2021-09-13T17:32:48Z</ModuleTime>
      <ModuleName>System.Reflection.Extensions</ModuleName>
      <Classes />
    </Module>
    <Module skippedDueTo="Filter" hash="E2-BB-15-EA-FC-32-13-DC-20-5B-80-66-A7-9A-04-4A-D1-A2-FD-61">
      <ModulePath>C:\Program Files\dotnet\shared\Microsoft.NETCore.App\6.0.0-rc.1.21451.13\System.Reflection.dll</ModulePath>
      <ModuleTime>2021-09-13T17:34:52Z</ModuleTime>
      <ModuleName>System.Reflection</ModuleName>
      <Classes />
    </Module>
    <Module skippedDueTo="Filter" hash="18-AE-6A-D8-A4-93-2C-39-78-2D-3D-CE-E8-C8-74-8E-34-20-41-E0">
      <ModulePath>C:\Program Files\dotnet\shared\Microsoft.NETCore.App\6.0.0-rc.1.21451.13\System.Xml.XDocument.dll</ModulePath>
      <ModuleTime>2021-09-13T17:32:52Z</ModuleTime>
      <ModuleName>System.Xml.XDocument</ModuleName>
      <Classes />
    </Module>
    <Module skippedDueTo="Filter" hash="7C-04-42-68-C3-A2-2E-78-3F-53-FF-EE-23-63-0D-43-8E-49-2A-68">
      <ModulePath>C:\Program Files\dotnet\shared\Microsoft.NETCore.App\6.0.0-rc.1.21451.13\System.Private.Xml.Linq.dll</ModulePath>
      <ModuleTime>2021-09-13T17:35:36Z</ModuleTime>
      <ModuleName>System.Private.Xml.Linq</ModuleName>
      <Classes />
    </Module>
    <Module skippedDueTo="Filter" hash="B7-A4-71-48-B8-36-68-F2-F0-64-19-9D-CE-A3-60-BE-F8-85-20-BF">
      <ModulePath>C:\Program Files\dotnet\shared\Microsoft.NETCore.App\6.0.0-rc.1.21451.13\System.Threading.Thread.dll</ModulePath>
      <ModuleTime>2021-09-13T17:34:54Z</ModuleTime>
      <ModuleName>System.Threading.Thread</ModuleName>
      <Classes />
    </Module>
    <Module skippedDueTo="Filter" hash="31-34-D6-79-27-94-6C-A6-B9-9F-6A-49-1F-46-C9-72-02-EC-FD-2E">
      <ModulePath>C:\Program Files\dotnet\shared\Microsoft.NETCore.App\6.0.0-rc.1.21451.13\System.Private.Xml.dll</ModulePath>
      <ModuleTime>2021-09-13T17:34:40Z</ModuleTime>
      <ModuleName>System.Private.Xml</ModuleName>
      <Classes />
    </Module>
    <Module skippedDueTo="MissingPdb" hash="3F-C0-78-AC-FF-C3-67-46-8E-F4-1D-22-79-FF-99-C1-58-DF-4C-98">
      <ModulePath>C:\Program Files\dotnet\sdk\6.0.100-rc.1.21463.6\Microsoft.Build.Framework.dll</ModulePath>
      <ModuleTime>2021-09-13T18:03:14Z</ModuleTime>
      <ModuleName>Microsoft.Build.Framework</ModuleName>
      <Classes />
    </Module>
    <Module skippedDueTo="Filter" hash="75-4F-33-6B-4B-FB-80-B1-25-55-AA-EF-4A-8E-C3-9E-43-5D-23-71">
      <ModulePath>C:\Program Files\dotnet\shared\Microsoft.NETCore.App\6.0.0-rc.1.21451.13\System.Xml.ReaderWriter.dll</ModulePath>
      <ModuleTime>2021-09-13T17:32:52Z</ModuleTime>
      <ModuleName>System.Xml.ReaderWriter</ModuleName>
      <Classes />
    </Module>
    <Module skippedDueTo="Filter" hash="D4-0E-05-9B-B9-17-CB-40-D6-6B-15-24-B5-3E-BE-3D-3A-AB-0E-30">
      <ModulePath>C:\Program Files\dotnet\shared\Microsoft.NETCore.App\6.0.0-rc.1.21451.13\System.Collections.NonGeneric.dll</ModulePath>
      <ModuleTime>2021-09-13T17:34:48Z</ModuleTime>
      <ModuleName>System.Collections.NonGeneric</ModuleName>
      <Classes />
    </Module>
    <Module skippedDueTo="Filter" hash="88-30-A4-2C-E8-B5-52-1A-55-E6-AA-C4-C3-A0-95-36-80-72-22-D9">
      <ModulePath>C:\Program Files\dotnet\shared\Microsoft.NETCore.App\6.0.0-rc.1.21451.13\System.Threading.Tasks.dll</ModulePath>
      <ModuleTime>2021-09-13T17:34:54Z</ModuleTime>
      <ModuleName>System.Threading.Tasks</ModuleName>
      <Classes />
    </Module>
    <Module skippedDueTo="MissingPdb" hash="7C-39-E4-3A-2F-C7-10-18-48-3F-61-40-08-E0-51-D4-05-27-2C-61">
      <ModulePath>C:\Program Files\dotnet\sdk\6.0.100-rc.1.21463.6\Microsoft.DotNet.TemplateLocator.dll</ModulePath>
      <ModuleTime>2021-09-13T18:03:58Z</ModuleTime>
      <ModuleName>Microsoft.DotNet.TemplateLocator</ModuleName>
      <Classes />
    </Module>
    <Module skippedDueTo="Filter" hash="36-04-96-1C-61-CA-56-E5-83-6E-8D-10-AD-94-3B-90-B9-14-A5-5B">
      <ModulePath>C:\Program Files\dotnet\shared\Microsoft.NETCore.App\6.0.0-rc.1.21451.13\System.Globalization.dll</ModulePath>
      <ModuleTime>2021-09-13T17:34:52Z</ModuleTime>
      <ModuleName>System.Globalization</ModuleName>
      <Classes />
    </Module>
    <Module skippedDueTo="MissingPdb" hash="87-84-AE-C5-7E-8F-66-EF-FC-E2-2D-C3-FA-FF-80-AC-C0-AF-61-1A">
      <ModulePath>C:\Program Files\dotnet\sdk\6.0.100-rc.1.21463.6\NuGet.Common.dll</ModulePath>
      <ModuleTime>2021-09-13T18:03:58Z</ModuleTime>
      <ModuleName>NuGet.Common</ModuleName>
      <Classes />
    </Module>
    <Module skippedDueTo="MissingPdb" hash="9D-4E-04-2A-60-F6-6E-58-12-1D-F6-E6-D2-2C-7C-DB-18-A9-CE-41">
      <ModulePath>C:\Program Files\dotnet\sdk\6.0.100-rc.1.21463.6\MSBuild.dll</ModulePath>
      <ModuleTime>2021-09-13T18:03:58Z</ModuleTime>
      <ModuleName>MSBuild</ModuleName>
      <Classes />
    </Module>
    <Module skippedDueTo="Filter" hash="12-60-A1-D1-B0-15-49-BF-9D-4D-C7-15-E5-9A-CA-06-5C-F6-0F-B2">
      <ModulePath>C:\Program Files\dotnet\shared\Microsoft.NETCore.App\6.0.0-rc.1.21451.13\System.Text.RegularExpressions.dll</ModulePath>
      <ModuleTime>2021-09-13T17:35:36Z</ModuleTime>
      <ModuleName>System.Text.RegularExpressions</ModuleName>
      <Classes />
    </Module>
    <Module skippedDueTo="Filter" hash="FB-D9-CB-C1-3D-F7-D3-A2-EC-59-3C-65-10-29-2A-FE-B0-9D-0D-57">
      <ModulePath>C:\Program Files\dotnet\shared\Microsoft.NETCore.App\6.0.0-rc.1.21451.13\System.Collections.Concurrent.dll</ModulePath>
      <ModuleTime>2021-09-13T17:34:44Z</ModuleTime>
      <ModuleName>System.Collections.Concurrent</ModuleName>
      <Classes />
    </Module>
    <Module skippedDueTo="MissingPdb" hash="1C-9F-35-7B-E6-B3-8B-0F-25-2E-62-C1-25-48-1E-4A-A6-67-2A-CF">
      <ModulePath>C:\Program Files\dotnet\shared\Microsoft.NETCore.App\6.0.0-rc.1.21451.13\Microsoft.Win32.Registry.dll</ModulePath>
      <ModuleTime>2021-09-13T17:34:46Z</ModuleTime>
      <ModuleName>Microsoft.Win32.Registry</ModuleName>
      <Classes />
    </Module>
    <Module skippedDueTo="Filter" hash="21-11-A7-0A-55-B2-6E-3D-DE-85-D1-44-7A-FA-A7-5A-6B-E7-82-0C">
      <ModulePath>C:\Program Files\dotnet\shared\Microsoft.NETCore.App\6.0.0-rc.1.21451.13\System.Text.Json.dll</ModulePath>
      <ModuleTime>2021-09-13T17:34:48Z</ModuleTime>
      <ModuleName>System.Text.Json</ModuleName>
      <Classes />
    </Module>
    <Module skippedDueTo="Filter" hash="D5-F2-5A-C2-43-D0-C2-C5-39-DD-42-5B-1A-1B-0E-C4-C8-88-EA-8B">
      <ModulePath>C:\Program Files\dotnet\shared\Microsoft.NETCore.App\6.0.0-rc.1.21451.13\System.Diagnostics.Tools.dll</ModulePath>
      <ModuleTime>2021-09-13T17:34:50Z</ModuleTime>
      <ModuleName>System.Diagnostics.Tools</ModuleName>
      <Classes />
    </Module>
    <Module skippedDueTo="Filter" hash="8A-AD-94-53-78-B3-8D-EC-D9-BB-7F-23-85-E2-B8-53-14-77-BB-F7">
      <ModulePath>C:\Program Files\dotnet\shared\Microsoft.NETCore.App\6.0.0-rc.1.21451.13\System.Numerics.Vectors.dll</ModulePath>
      <ModuleTime>2021-09-13T17:34:50Z</ModuleTime>
      <ModuleName>System.Numerics.Vectors</ModuleName>
      <Classes />
    </Module>
    <Module skippedDueTo="Filter" hash="5D-85-9D-24-5A-D5-A0-29-B6-43-0E-80-0B-24-3B-3A-73-67-ED-E5">
      <ModulePath>C:\Program Files\dotnet\shared\Microsoft.NETCore.App\6.0.0-rc.1.21451.13\System.Runtime.Extensions.dll</ModulePath>
      <ModuleTime>2021-09-13T17:34:52Z</ModuleTime>
      <ModuleName>System.Runtime.Extensions</ModuleName>
      <Classes />
    </Module>
    <Module skippedDueTo="Filter" hash="EF-40-4C-2C-51-15-B6-2B-51-A5-3E-3A-C0-2E-10-96-F0-78-69-E8">
      <ModulePath>C:\Program Files\dotnet\shared\Microsoft.NETCore.App\6.0.0-rc.1.21451.13\System.Diagnostics.Debug.dll</ModulePath>
      <ModuleTime>2021-09-13T17:36:44Z</ModuleTime>
      <ModuleName>System.Diagnostics.Debug</ModuleName>
      <Classes />
    </Module>
    <Module skippedDueTo="Filter" hash="B3-09-AF-E3-94-E6-B0-D1-62-FE-BD-1D-F8-22-64-CC-C7-FF-11-97">
      <ModulePath>C:\Program Files\dotnet\shared\Microsoft.NETCore.App\6.0.0-rc.1.21451.13\System.IO.dll</ModulePath>
      <ModuleTime>2021-09-13T17:32:44Z</ModuleTime>
      <ModuleName>System.IO</ModuleName>
      <Classes />
    </Module>
    <Module skippedDueTo="Filter" hash="04-39-E6-6C-33-0A-83-46-B2-10-BD-38-C2-A2-7D-D8-51-65-7E-A0">
      <ModulePath>C:\Program Files\dotnet\shared\Microsoft.NETCore.App\6.0.0-rc.1.21451.13\System.Text.Encoding.dll</ModulePath>
      <ModuleTime>2021-09-13T17:34:52Z</ModuleTime>
      <ModuleName>System.Text.Encoding</ModuleName>
      <Classes />
    </Module>
    <Module skippedDueTo="Filter" hash="DE-CE-0F-AD-6A-25-80-02-03-64-D3-C8-8F-79-C1-53-D9-E3-F4-07">
      <ModulePath>C:\Program Files\dotnet\shared\Microsoft.NETCore.App\6.0.0-rc.1.21451.13\System.IO.Compression.dll</ModulePath>
      <ModuleTime>2021-09-13T17:34:50Z</ModuleTime>
      <ModuleName>System.IO.Compression</ModuleName>
      <Classes />
    </Module>
    <Module skippedDueTo="MissingPdb" hash="A8-B1-B1-55-C3-5E-59-4A-22-44-81-3C-6D-D5-1B-A3-09-96-7E-4C">
      <ModulePath>C:\Program Files\dotnet\sdk\6.0.100-rc.1.21463.6\Microsoft.Build.dll</ModulePath>
      <ModuleTime>2021-09-13T18:03:14Z</ModuleTime>
      <ModuleName>Microsoft.Build</ModuleName>
      <Classes />
    </Module>
    <Module skippedDueTo="Filter" hash="5D-11-F6-07-77-53-7F-5A-53-DA-02-98-C6-2D-A6-57-9A-25-24-3F">
      <ModulePath>C:\Program Files\dotnet\shared\Microsoft.NETCore.App\6.0.0-rc.1.21451.13\System.Net.Http.dll</ModulePath>
      <ModuleTime>2021-09-13T17:35:42Z</ModuleTime>
      <ModuleName>System.Net.Http</ModuleName>
      <Classes />
    </Module>
    <Module skippedDueTo="MissingPdb" hash="5C-56-B2-2B-A5-A0-5E-AE-41-00-F9-4B-4C-7F-35-7D-E3-2F-16-0D">
      <ModulePath>C:\Program Files\dotnet\sdk\6.0.100-rc.1.21463.6\NuGet.Protocol.dll</ModulePath>
      <ModuleTime>2021-09-13T18:03:12Z</ModuleTime>
      <ModuleName>NuGet.Protocol</ModuleName>
      <Classes />
    </Module>
    <Module skippedDueTo="Filter" hash="36-55-C4-2C-2E-2B-C0-76-2A-CA-6D-14-28-EF-B3-4F-08-C5-85-7C">
      <ModulePath>C:\Program Files\dotnet\shared\Microsoft.NETCore.App\6.0.0-rc.1.21451.13\System.Runtime.Loader.dll</ModulePath>
      <ModuleTime>2021-09-13T17:34:54Z</ModuleTime>
      <ModuleName>System.Runtime.Loader</ModuleName>
      <Classes />
    </Module>
    <Module skippedDueTo="Filter" hash="05-48-B9-16-3C-9F-02-11-0D-C2-7E-A2-16-C1-E2-D3-90-22-83-85">
      <ModulePath>C:\Program Files\dotnet\shared\Microsoft.NETCore.App\6.0.0-rc.1.21451.13\System.Net.Primitives.dll</ModulePath>
      <ModuleTime>2021-09-13T17:34:36Z</ModuleTime>
      <ModuleName>System.Net.Primitives</ModuleName>
      <Classes />
    </Module>
    <Module skippedDueTo="MissingPdb" hash="46-83-71-44-08-5D-2A-9A-3A-28-4C-8C-0A-A5-41-B9-24-8F-CE-42">
      <ModulePath>C:\Program Files\dotnet\sdk\6.0.100-rc.1.21463.6\Microsoft.Deployment.DotNet.Releases.dll</ModulePath>
      <ModuleTime>2021-09-13T18:03:14Z</ModuleTime>
      <ModuleName>Microsoft.Deployment.DotNet.Releases</ModuleName>
      <Classes />
    </Module>
    <Module skippedDueTo="MissingPdb" hash="C1-86-B0-30-37-C5-D0-CF-D4-79-5C-A9-C8-F2-4C-C8-12-2D-72-86">
      <ModulePath>C:\Program Files\dotnet\sdk\6.0.100-rc.1.21463.6\dotnet.dll</ModulePath>
      <ModuleTime>2021-09-13T18:04:14Z</ModuleTime>
      <ModuleName>dotnet</ModuleName>
      <Classes />
    </Module>
    <Module skippedDueTo="Filter" hash="EC-B1-B5-6E-72-D8-17-8A-9C-F8-89-47-0E-6B-5B-96-55-B0-B0-18">
      <ModulePath>C:\Program Files\dotnet\shared\Microsoft.NETCore.App\6.0.0-rc.1.21451.13\System.Diagnostics.DiagnosticSource.dll</ModulePath>
      <ModuleTime>2021-09-13T17:34:52Z</ModuleTime>
      <ModuleName>System.Diagnostics.DiagnosticSource</ModuleName>
      <Classes />
    </Module>
    <Module skippedDueTo="Filter" hash="23-20-75-D6-B3-71-01-42-61-8F-5C-F0-92-A1-85-21-27-64-C5-71">
      <ModulePath>C:\Program Files\dotnet\shared\Microsoft.NETCore.App\6.0.0-rc.1.21451.13\System.Collections.Immutable.dll</ModulePath>
      <ModuleTime>2021-09-13T17:34:48Z</ModuleTime>
      <ModuleName>System.Collections.Immutable</ModuleName>
      <Classes />
    </Module>
    <Module skippedDueTo="Filter" hash="07-D7-7C-40-82-9B-7E-2E-C2-7D-42-0B-29-6C-AC-2F-13-1D-CA-DC">
      <ModulePath>C:\Program Files\dotnet\shared\Microsoft.NETCore.App\6.0.0-rc.1.21451.13\System.Net.Security.dll</ModulePath>
      <ModuleTime>2021-09-13T17:34:36Z</ModuleTime>
      <ModuleName>System.Net.Security</ModuleName>
      <Classes />
    </Module>
    <Module skippedDueTo="Filter" hash="87-66-B3-A5-66-9A-1A-31-19-91-A7-DC-77-83-B1-BD-E8-78-7E-B1">
      <ModulePath>C:\Program Files\dotnet\shared\Microsoft.NETCore.App\6.0.0-rc.1.21451.13\System.Security.Cryptography.X509Certificates.dll</ModulePath>
      <ModuleTime>2021-09-13T17:34:48Z</ModuleTime>
      <ModuleName>System.Security.Cryptography.X509Certificates</ModuleName>
      <Classes />
    </Module>
    <Module skippedDueTo="MissingPdb" hash="7D-2D-39-6A-66-83-59-52-06-F1-8D-B7-D4-F7-6E-A9-1F-EE-39-B8">
      <ModulePath>C:\Program Files\dotnet\sdk\6.0.100-rc.1.21463.6\Microsoft.DotNet.Configurer.dll</ModulePath>
      <ModuleTime>2021-09-13T18:03:54Z</ModuleTime>
      <ModuleName>Microsoft.DotNet.Configurer</ModuleName>
      <Classes />
    </Module>
    <Module skippedDueTo="Filter" hash="02-22-9F-F4-6B-3E-BD-D3-93-16-21-5E-7D-58-B5-C4-88-D5-38-B1">
      <ModulePath>C:\Program Files\dotnet\sdk\6.0.100-rc.1.21463.6\System.CommandLine.dll</ModulePath>
      <ModuleTime>2021-09-13T18:03:36Z</ModuleTime>
      <ModuleName>System.CommandLine</ModuleName>
      <Classes />
    </Module>
    <Module skippedDueTo="MissingPdb" hash="5B-3C-F6-0F-D4-A2-51-B1-50-A2-D7-A6-24-F1-45-D5-06-54-B1-54">
      <ModulePath>C:\Program Files\dotnet\sdk\6.0.100-rc.1.21463.6\Microsoft.DotNet.InternalAbstractions.dll</ModulePath>
      <ModuleTime>2021-09-13T18:05:08Z</ModuleTime>
      <ModuleName>Microsoft.DotNet.InternalAbstractions</ModuleName>
      <Classes />
    </Module>
    <Module skippedDueTo="MissingPdb" hash="C9-8F-49-A6-7A-6B-8F-46-39-B1-87-46-21-8F-05-E6-B2-A8-4B-0D">
      <ModulePath>C:\Program Files\dotnet\sdk\6.0.100-rc.1.21463.6\Microsoft.DotNet.Cli.Utils.dll</ModulePath>
      <ModuleTime>2021-09-13T18:03:54Z</ModuleTime>
      <ModuleName>Microsoft.DotNet.Cli.Utils</ModuleName>
      <Classes />
    </Module>
    <Module skippedDueTo="Filter" hash="D0-1A-15-29-CB-5E-6B-C6-4E-14-08-32-F7-6B-5C-1F-A2-B2-B0-30">
      <ModulePath>C:\Program Files\dotnet\shared\Microsoft.NETCore.App\6.0.0-rc.1.21451.13\System.Security.AccessControl.dll</ModulePath>
      <ModuleTime>2021-09-13T17:35:38Z</ModuleTime>
      <ModuleName>System.Security.AccessControl</ModuleName>
      <Classes />
    </Module>
    <Module skippedDueTo="Filter" hash="E7-D4-5E-9F-18-53-CC-29-EC-25-FB-A2-50-FD-7C-B1-51-25-4C-14">
      <ModulePath>C:\Program Files\dotnet\sdk\6.0.100-rc.1.21463.6\runtimes\win\lib\netcoreapp2.0\System.Management.dll</ModulePath>
      <ModuleTime>2021-09-13T18:04:06Z</ModuleTime>
      <ModuleName>System.Management</ModuleName>
      <Classes />
    </Module>
    <Module skippedDueTo="Filter" hash="E1-85-FA-E9-C3-95-E0-61-D5-92-31-71-BF-DF-75-FB-A0-6D-B6-6D">
      <ModulePath>C:\Program Files\dotnet\shared\Microsoft.NETCore.App\6.0.0-rc.1.21451.13\System.Diagnostics.TraceSource.dll</ModulePath>
      <ModuleTime>2021-09-13T17:34:50Z</ModuleTime>
      <ModuleName>System.Diagnostics.TraceSource</ModuleName>
      <Classes />
    </Module>
    <Module skippedDueTo="Filter" hash="85-95-7B-AD-91-07-4D-42-85-9F-74-16-96-95-CF-6A-66-3A-84-6E">
      <ModulePath>C:\Program Files\dotnet\shared\Microsoft.NETCore.App\6.0.0-rc.1.21451.13\System.Collections.Specialized.dll</ModulePath>
      <ModuleTime>2021-09-13T17:34:50Z</ModuleTime>
      <ModuleName>System.Collections.Specialized</ModuleName>
      <Classes />
    </Module>
    <Module skippedDueTo="MissingPdb" hash="8C-49-46-51-BF-F4-E7-74-CD-C9-8F-54-6A-EB-1C-C3-11-9B-2D-49">
      <ModulePath>C:\Program Files\dotnet\sdk\6.0.100-rc.1.21463.6\Microsoft.NET.StringTools.dll</ModulePath>
      <ModuleTime>2021-09-13T18:03:36Z</ModuleTime>
      <ModuleName>Microsoft.NET.StringTools</ModuleName>
      <Classes />
    </Module>
    <Module skippedDueTo="Filter" hash="3D-8D-ED-DE-48-52-48-21-63-6A-C9-6C-9D-94-38-0C-38-A2-7D-15">
      <ModulePath>C:\Program Files\dotnet\shared\Microsoft.NETCore.App\6.0.0-rc.1.21451.13\System.Threading.Tasks.Dataflow.dll</ModulePath>
      <ModuleTime>2021-09-13T17:34:50Z</ModuleTime>
      <ModuleName>System.Threading.Tasks.Dataflow</ModuleName>
      <Classes />
    </Module>
    <Module skippedDueTo="Filter" hash="C2-5D-04-61-02-38-6D-46-B8-FE-BA-52-1A-76-4A-AF-4B-30-73-DC">
      <ModulePath>C:\Program Files\dotnet\shared\Microsoft.NETCore.App\6.0.0-rc.1.21451.13\System.Security.Principal.Windows.dll</ModulePath>
      <ModuleTime>2021-09-13T17:35:38Z</ModuleTime>
      <ModuleName>System.Security.Principal.Windows</ModuleName>
      <Classes />
    </Module>
    <Module skippedDueTo="Filter" hash="A8-57-92-EE-76-E9-6E-97-08-B8-C8-F1-C8-3C-D5-AD-50-92-6A-A9">
      <ModulePath>C:\Program Files\dotnet\shared\Microsoft.NETCore.App\6.0.0-rc.1.21451.13\System.IO.FileSystem.AccessControl.dll</ModulePath>
      <ModuleTime>2021-09-13T17:34:54Z</ModuleTime>
      <ModuleName>System.IO.FileSystem.AccessControl</ModuleName>
      <Classes />
    </Module>
    <Module skippedDueTo="Filter" hash="6C-CF-24-93-83-59-AE-D4-1B-B8-74-5D-93-08-BD-D2-5A-4C-BF-50">
      <ModulePath>C:\Program Files\dotnet\sdk\6.0.100-rc.1.21463.6\runtimes\win\lib\net6.0\System.ServiceProcess.ServiceController.dll</ModulePath>
      <ModuleTime>2021-09-13T18:03:20Z</ModuleTime>
      <ModuleName>System.ServiceProcess.ServiceController</ModuleName>
      <Classes />
    </Module>
    <Module skippedDueTo="Filter" hash="60-A0-72-07-41-7C-DC-40-50-E7-3B-38-6B-E3-05-BC-08-9F-D0-79">
      <ModulePath>C:\Program Files\dotnet\shared\Microsoft.NETCore.App\6.0.0-rc.1.21451.13\System.Security.Claims.dll</ModulePath>
      <ModuleTime>2021-09-13T17:34:48Z</ModuleTime>
      <ModuleName>System.Security.Claims</ModuleName>
      <Classes />
    </Module>
    <Module skippedDueTo="Filter" hash="96-DF-A3-AE-7D-40-4F-0C-B8-78-0D-69-81-29-50-94-15-8A-09-1C">
      <ModulePath>C:\Program Files\dotnet\shared\Microsoft.NETCore.App\6.0.0-rc.1.21451.13\System.Diagnostics.FileVersionInfo.dll</ModulePath>
      <ModuleTime>2021-09-13T17:34:50Z</ModuleTime>
      <ModuleName>System.Diagnostics.FileVersionInfo</ModuleName>
      <Classes />
    </Module>
    <Module skippedDueTo="MissingPdb" hash="E3-50-1E-4B-29-05-DB-E2-D8-B3-12-73-63-6F-B0-D7-20-06-D2-2D">
      <ModulePath>C:\Program Files\dotnet\sdk\6.0.100-rc.1.21463.6\Microsoft.Build.NuGetSdkResolver.dll</ModulePath>
      <ModuleTime>2021-09-13T18:03:14Z</ModuleTime>
      <ModuleName>Microsoft.Build.NuGetSdkResolver</ModuleName>
      <Classes />
    </Module>
    <Module skippedDueTo="MissingPdb" hash="F9-6F-56-9E-E6-53-9E-7D-77-CF-1A-B5-60-D1-3A-67-07-09-A4-40">
      <ModulePath>C:\Program Files\dotnet\sdk\6.0.100-rc.1.21463.6\Microsoft.NET.Sdk.WorkloadMSBuildSdkResolver.dll</ModulePath>
      <ModuleTime>2021-09-13T18:03:36Z</ModuleTime>
      <ModuleName>Microsoft.NET.Sdk.WorkloadMSBuildSdkResolver</ModuleName>
      <Classes />
    </Module>
    <Module skippedDueTo="Filter" hash="35-AE-02-E5-02-89-1B-BE-C9-F6-FE-84-25-D5-51-F7-D2-29-BD-89">
      <ModulePath>C:\Program Files\dotnet\shared\Microsoft.NETCore.App\6.0.0-rc.1.21451.13\System.IO.FileSystem.dll</ModulePath>
      <ModuleTime>2021-09-13T17:32:46Z</ModuleTime>
      <ModuleName>System.IO.FileSystem</ModuleName>
      <Classes />
    </Module>
    <Module skippedDueTo="MissingPdb" hash="C9-8F-49-A6-7A-6B-8F-46-39-B1-87-46-21-8F-05-E6-B2-A8-4B-0D">
      <ModulePath>C:\Program Files\dotnet\sdk\6.0.100-rc.1.21463.6\Microsoft.DotNet.Cli.Utils.dll</ModulePath>
      <ModuleTime>2021-09-13T18:03:54Z</ModuleTime>
      <ModuleName>Microsoft.DotNet.Cli.Utils</ModuleName>
      <Classes />
    </Module>
    <Module skippedDueTo="MissingPdb" hash="89-1D-F7-35-E2-1F-09-82-15-FD-1F-EE-8B-41-74-80-AA-36-91-22">
      <ModulePath>C:\Program Files\dotnet\sdk\6.0.100-rc.1.21463.6\Microsoft.NET.Sdk.WorkloadManifestReader.dll</ModulePath>
      <ModuleTime>2021-09-13T18:03:58Z</ModuleTime>
      <ModuleName>Microsoft.NET.Sdk.WorkloadManifestReader</ModuleName>
      <Classes />
    </Module>
    <Module skippedDueTo="Filter" hash="79-34-81-C4-06-41-5D-D8-E3-27-A0-7D-54-35-AA-13-69-4D-F1-63">
      <ModulePath>C:\Program Files\dotnet\shared\Microsoft.NETCore.App\6.0.0-rc.1.21451.13\System.Threading.Tasks.Parallel.dll</ModulePath>
      <ModuleTime>2021-09-13T17:34:52Z</ModuleTime>
      <ModuleName>System.Threading.Tasks.Parallel</ModuleName>
      <Classes />
    </Module>
    <Module skippedDueTo="MissingPdb" hash="E4-D3-AA-21-8F-AC-4B-99-26-CA-FE-70-EE-42-2E-4A-71-95-F3-AD">
      <ModulePath>C:\Program Files\dotnet\sdk\6.0.100-rc.1.21463.6\NuGet.Frameworks.dll</ModulePath>
      <ModuleTime>2021-09-13T18:03:12Z</ModuleTime>
      <ModuleName>NuGet.Frameworks</ModuleName>
      <Classes />
    </Module>
    <Module skippedDueTo="MissingPdb" hash="AD-41-71-52-FC-44-C9-8A-04-95-86-1D-A6-0C-94-41-98-A2-B5-2B">
      <ModulePath>C:\Program Files\dotnet\sdk\6.0.100-rc.1.21463.6\Microsoft.Build.Utilities.Core.dll</ModulePath>
      <ModuleTime>2021-09-13T18:03:14Z</ModuleTime>
      <ModuleName>Microsoft.Build.Utilities.Core</ModuleName>
      <Classes />
    </Module>
    <Module skippedDueTo="Filter" hash="44-63-F6-E7-46-9D-BF-3D-53-48-85-E5-32-8E-4B-20-64-7A-7B-F3">
      <ModulePath>C:\Program Files\dotnet\shared\Microsoft.NETCore.App\6.0.0-rc.1.21451.13\System.Reflection.Emit.ILGeneration.dll</ModulePath>
      <ModuleTime>2021-09-13T17:34:52Z</ModuleTime>
      <ModuleName>System.Reflection.Emit.ILGeneration</ModuleName>
      <Classes />
    </Module>
    <Module skippedDueTo="Filter" hash="BD-EE-38-E9-BE-FF-BC-3C-DF-03-79-31-34-2B-B1-FB-63-B6-2C-EA">
      <ModulePath>C:\Program Files\dotnet\shared\Microsoft.NETCore.App\6.0.0-rc.1.21451.13\System.Reflection.Emit.Lightweight.dll</ModulePath>
      <ModuleTime>2021-09-13T17:34:54Z</ModuleTime>
      <ModuleName>System.Reflection.Emit.Lightweight</ModuleName>
      <Classes />
    </Module>
    <Module skippedDueTo="Filter" hash="68-38-24-7B-1D-74-90-7E-05-BF-51-7F-AC-4C-35-1B-A7-72-32-EB">
      <ModulePath>C:\Program Files\dotnet\shared\Microsoft.NETCore.App\6.0.0-rc.1.21451.13\System.Reflection.Primitives.dll</ModulePath>
      <ModuleTime>2021-09-13T17:35:44Z</ModuleTime>
      <ModuleName>System.Reflection.Primitives</ModuleName>
      <Classes />
    </Module>
    <Module skippedDueTo="MissingPdb" hash="19-FC-DA-BE-81-43-06-4B-62-C1-92-02-10-9D-DF-37-EB-28-0F-70">
      <ModulePath>C:\Program Files\dotnet\sdk\6.0.100-rc.1.21463.6\Microsoft.Build.Tasks.Core.dll</ModulePath>
      <ModuleTime>2021-09-13T18:03:14Z</ModuleTime>
      <ModuleName>Microsoft.Build.Tasks.Core</ModuleName>
      <Classes />
    </Module>
    <Module skippedDueTo="Filter" hash="4E-E7-CF-57-F0-F5-96-2A-79-FB-0B-42-5B-3B-63-68-D3-FC-0E-D4">
      <ModulePath>C:\Program Files\dotnet\shared\Microsoft.NETCore.App\6.0.0-rc.1.21451.13\System.Threading.ThreadPool.dll</ModulePath>
      <ModuleTime>2021-09-13T17:34:56Z</ModuleTime>
      <ModuleName>System.Threading.ThreadPool</ModuleName>
      <Classes />
    </Module>
    <Module skippedDueTo="MissingPdb" hash="78-7D-BB-FB-57-E2-84-5F-40-23-CA-CF-A7-E4-3B-8D-06-E0-C3-D8">
      <ModulePath>C:\Program Files\dotnet\sdk\6.0.100-rc.1.21463.6\NuGet.Build.Tasks.dll</ModulePath>
      <ModuleTime>2021-09-13T18:03:12Z</ModuleTime>
      <ModuleName>NuGet.Build.Tasks</ModuleName>
      <Classes />
    </Module>
    <Module skippedDueTo="MissingPdb" hash="87-84-AE-C5-7E-8F-66-EF-FC-E2-2D-C3-FA-FF-80-AC-C0-AF-61-1A">
      <ModulePath>C:\Program Files\dotnet\sdk\6.0.100-rc.1.21463.6\NuGet.Common.dll</ModulePath>
      <ModuleTime>2021-09-13T18:03:58Z</ModuleTime>
      <ModuleName>NuGet.Common</ModuleName>
      <Classes />
    </Module>
    <Module skippedDueTo="MissingPdb" hash="C7-D8-F9-82-13-F2-8A-0F-BA-7D-71-E7-55-79-6D-23-CC-07-1F-18">
      <ModulePath>C:\Program Files\dotnet\sdk\6.0.100-rc.1.21463.6\NuGet.Commands.dll</ModulePath>
      <ModuleTime>2021-09-13T18:03:12Z</ModuleTime>
      <ModuleName>NuGet.Commands</ModuleName>
      <Classes />
    </Module>
    <Module skippedDueTo="MissingPdb" hash="90-4D-70-55-81-79-BD-5B-52-AF-0E-4C-FA-CC-00-BF-E7-EC-95-D9">
      <ModulePath>C:\Program Files\dotnet\sdk\6.0.100-rc.1.21463.6\NuGet.ProjectModel.dll</ModulePath>
      <ModuleTime>2021-09-13T18:03:12Z</ModuleTime>
      <ModuleName>NuGet.ProjectModel</ModuleName>
      <Classes />
    </Module>
    <Module skippedDueTo="MissingPdb" hash="FA-F8-8D-0B-74-07-C9-71-AE-E3-C6-19-3F-0D-DF-B0-3C-06-D8-E7">
      <ModulePath>C:\Program Files\dotnet\sdk\6.0.100-rc.1.21463.6\NuGet.Configuration.dll</ModulePath>
      <ModuleTime>2021-09-13T18:03:58Z</ModuleTime>
      <ModuleName>NuGet.Configuration</ModuleName>
      <Classes />
    </Module>
    <Module skippedDueTo="MissingPdb" hash="B4-CF-1C-5E-05-9F-26-42-0D-92-94-E9-61-56-A2-A3-33-F3-52-D0">
      <ModulePath>C:\Program Files\dotnet\sdk\6.0.100-rc.1.21463.6\NuGet.Versioning.dll</ModulePath>
      <ModuleTime>2021-09-13T18:03:12Z</ModuleTime>
      <ModuleName>NuGet.Versioning</ModuleName>
      <Classes />
    </Module>
    <Module skippedDueTo="MissingPdb" hash="41-1A-3A-D2-A6-DB-81-53-13-12-33-32-87-2B-D8-2F-D6-6A-35-9A">
      <ModulePath>C:\Program Files\dotnet\sdk\6.0.100-rc.1.21463.6\Sdks\Microsoft.NET.Sdk\tools\net6.0\Microsoft.NET.Build.Tasks.dll</ModulePath>
      <ModuleTime>2021-09-13T18:03:46Z</ModuleTime>
      <ModuleName>Microsoft.NET.Build.Tasks</ModuleName>
      <Classes />
    </Module>
    <Module skippedDueTo="MissingPdb" hash="E4-D3-AA-21-8F-AC-4B-99-26-CA-FE-70-EE-42-2E-4A-71-95-F3-AD">
      <ModulePath>C:\Program Files\dotnet\sdk\6.0.100-rc.1.21463.6\NuGet.Frameworks.dll</ModulePath>
      <ModuleTime>2021-09-13T18:03:12Z</ModuleTime>
      <ModuleName>NuGet.Frameworks</ModuleName>
      <Classes />
    </Module>
    <Module skippedDueTo="MissingPdb" hash="DD-F8-7B-0A-9B-7A-74-20-AC-64-8B-61-DE-2D-39-B5-C0-1A-7D-6D">
      <ModulePath>C:\Program Files\dotnet\sdk\6.0.100-rc.1.21463.6\NuGet.Packaging.dll</ModulePath>
      <ModuleTime>2021-09-13T18:03:16Z</ModuleTime>
      <ModuleName>NuGet.Packaging</ModuleName>
      <Classes />
    </Module>
    <Module skippedDueTo="MissingPdb" hash="AE-49-39-3A-60-0F-D0-C3-0E-DB-F7-C3-E7-53-AB-B4-F4-4F-76-31">
      <ModulePath>C:\Program Files\dotnet\sdk\6.0.100-rc.1.21463.6\NuGet.LibraryModel.dll</ModulePath>
      <ModuleTime>2021-09-13T18:03:12Z</ModuleTime>
      <ModuleName>NuGet.LibraryModel</ModuleName>
      <Classes />
    </Module>
    <Module skippedDueTo="MissingPdb" hash="5C-56-B2-2B-A5-A0-5E-AE-41-00-F9-4B-4C-7F-35-7D-E3-2F-16-0D">
      <ModulePath>C:\Program Files\dotnet\sdk\6.0.100-rc.1.21463.6\NuGet.Protocol.dll</ModulePath>
      <ModuleTime>2021-09-13T18:03:12Z</ModuleTime>
      <ModuleName>NuGet.Protocol</ModuleName>
      <Classes />
    </Module>
    <Module skippedDueTo="MissingPdb" hash="76-8A-13-26-EB-28-A2-73-91-21-C6-25-C3-D5-75-E4-11-40-48-70">
      <ModulePath>C:\Program Files\dotnet\sdk\6.0.100-rc.1.21463.6\NuGet.Credentials.dll</ModulePath>
      <ModuleTime>2021-09-13T18:03:12Z</ModuleTime>
      <ModuleName>NuGet.Credentials</ModuleName>
      <Classes />
    </Module>
    <Module skippedDueTo="MissingPdb" hash="C3-1F-3F-EF-29-F0-80-4F-F1-29-12-F4-14-04-7E-E1-53-C9-1B-D6">
      <ModulePath>C:\Program Files\dotnet\sdk\6.0.100-rc.1.21463.6\NuGet.DependencyResolver.Core.dll</ModulePath>
      <ModuleTime>2021-09-13T18:03:10Z</ModuleTime>
      <ModuleName>NuGet.DependencyResolver.Core</ModuleName>
      <Classes />
    </Module>
    <Module skippedDueTo="MissingPdb" hash="F3-F2-05-17-10-34-5F-8D-BB-3F-61-6F-72-37-72-F6-73-29-12-01">
      <ModulePath>C:\Program Files\dotnet\sdk\6.0.100-rc.1.21463.6\Newtonsoft.Json.dll</ModulePath>
      <ModuleTime>2021-09-13T18:07:06Z</ModuleTime>
      <ModuleName>Newtonsoft.Json</ModuleName>
      <Classes />
    </Module>
    <Module skippedDueTo="Filter" hash="C2-31-19-BE-AA-95-E1-65-7B-95-B5-A6-B8-B9-CF-0D-E8-2A-18-25">
      <ModulePath>C:\Program Files\dotnet\shared\Microsoft.NETCore.App\6.0.0-rc.1.21451.13\System.Runtime.Serialization.Primitives.dll</ModulePath>
      <ModuleTime>2021-09-13T17:34:46Z</ModuleTime>
      <ModuleName>System.Runtime.Serialization.Primitives</ModuleName>
      <Classes />
    </Module>
    <Module skippedDueTo="Filter" hash="74-3D-03-13-56-13-D8-65-85-7C-E4-F5-91-99-D5-BB-BC-6F-E0-45">
      <ModulePath>C:\Program Files\dotnet\shared\Microsoft.NETCore.App\6.0.0-rc.1.21451.13\System.Runtime.Numerics.dll</ModulePath>
      <ModuleTime>2021-09-13T17:34:46Z</ModuleTime>
      <ModuleName>System.Runtime.Numerics</ModuleName>
      <Classes />
    </Module>
    <Module skippedDueTo="Filter" hash="EC-35-C1-34-19-19-6A-7A-05-00-6D-BF-39-55-F5-7C-6F-19-A0-78">
      <ModulePath>C:\Program Files\dotnet\shared\Microsoft.NETCore.App\6.0.0-rc.1.21451.13\System.Linq.Expressions.dll</ModulePath>
      <ModuleTime>2021-09-13T17:35:38Z</ModuleTime>
      <ModuleName>System.Linq.Expressions</ModuleName>
      <Classes />
    </Module>
    <Module skippedDueTo="Filter" hash="41-A0-31-44-04-9E-36-F6-E6-B4-9E-20-01-BA-5C-D5-3B-15-F0-A0">
      <ModulePath>C:\Program Files\dotnet\shared\Microsoft.NETCore.App\6.0.0-rc.1.21451.13\System.Net.Requests.dll</ModulePath>
      <ModuleTime>2021-09-13T17:34:38Z</ModuleTime>
      <ModuleName>System.Net.Requests</ModuleName>
      <Classes />
    </Module>
    <Module skippedDueTo="Filter" hash="43-A8-3F-F8-62-33-9E-FB-90-42-4A-97-4F-B0-18-84-86-AA-6F-86">
      <ModulePath>C:\Program Files\dotnet\shared\Microsoft.NETCore.App\6.0.0-rc.1.21451.13\System.Net.NetworkInformation.dll</ModulePath>
      <ModuleTime>2021-09-13T17:34:34Z</ModuleTime>
      <ModuleName>System.Net.NetworkInformation</ModuleName>
      <Classes />
    </Module>
    <Module skippedDueTo="Filter" hash="5C-BD-4E-69-54-D4-26-20-2E-DA-37-77-04-22-A0-26-87-FF-D3-87">
      <ModulePath>C:\Program Files\dotnet\shared\Microsoft.NETCore.App\6.0.0-rc.1.21451.13\System.Net.Quic.dll</ModulePath>
      <ModuleTime>2021-09-13T17:34:36Z</ModuleTime>
      <ModuleName>System.Net.Quic</ModuleName>
      <Classes />
    </Module>
    <Module skippedDueTo="Filter" hash="CD-78-AA-E6-6F-0F-E1-26-9C-37-41-85-28-F4-D4-BF-96-05-7F-46">
      <ModulePath>C:\Program Files\dotnet\shared\Microsoft.NETCore.App\6.0.0-rc.1.21451.13\System.Net.Sockets.dll</ModulePath>
      <ModuleTime>2021-09-13T17:34:36Z</ModuleTime>
      <ModuleName>System.Net.Sockets</ModuleName>
      <Classes />
    </Module>
    <Module skippedDueTo="Filter" hash="B6-99-C2-56-86-D6-C3-6E-20-0C-1C-DB-70-B0-83-37-61-F5-C4-71">
      <ModulePath>C:\Program Files\dotnet\shared\Microsoft.NETCore.App\6.0.0-rc.1.21451.13\System.Threading.Overlapped.dll</ModulePath>
      <ModuleTime>2021-09-13T17:35:42Z</ModuleTime>
      <ModuleName>System.Threading.Overlapped</ModuleName>
      <Classes />
    </Module>
    <Module skippedDueTo="Filter" hash="AB-EB-38-19-E5-0A-E3-53-45-2A-C3-BA-BB-35-47-3D-4C-33-7B-2C">
      <ModulePath>C:\Program Files\dotnet\shared\Microsoft.NETCore.App\6.0.0-rc.1.21451.13\System.Net.NameResolution.dll</ModulePath>
      <ModuleTime>2021-09-13T17:35:36Z</ModuleTime>
      <ModuleName>System.Net.NameResolution</ModuleName>
      <Classes />
    </Module>
    <Module skippedDueTo="Filter" hash="37-4C-EC-BA-12-F6-E0-2D-48-8A-86-59-B3-CC-1E-52-7B-E6-4C-84">
      <ModulePath>C:\Program Files\dotnet\shared\Microsoft.NETCore.App\6.0.0-rc.1.21451.13\System.Security.Cryptography.Encoding.dll</ModulePath>
      <ModuleTime>2021-09-13T17:34:46Z</ModuleTime>
      <ModuleName>System.Security.Cryptography.Encoding</ModuleName>
      <Classes />
    </Module>
    <Module skippedDueTo="Filter" hash="52-B4-20-F0-E5-77-BA-A1-0F-AA-06-8C-D7-5E-92-85-CC-B4-43-03">
      <ModulePath>C:\Program Files\dotnet\shared\Microsoft.NETCore.App\6.0.0-rc.1.21451.13\System.Runtime.Serialization.Formatters.dll</ModulePath>
      <ModuleTime>2021-09-13T17:34:44Z</ModuleTime>
      <ModuleName>System.Runtime.Serialization.Formatters</ModuleName>
      <Classes />
    </Module>
    <Module skippedDueTo="Filter" hash="8A-EB-C0-BC-B7-21-D9-38-05-9A-69-EF-80-32-66-E5-F9-A2-16-4E">
      <ModulePath>C:\Program Files\dotnet\shared\Microsoft.NETCore.App\6.0.0-rc.1.21451.13\System.Data.Common.dll</ModulePath>
      <ModuleTime>2021-09-13T17:34:50Z</ModuleTime>
      <ModuleName>System.Data.Common</ModuleName>
      <Classes />
    </Module>
    <Module skippedDueTo="MissingPdb" hash="">
      <ModulePath>RefEmit_InMemoryManifestModule</ModulePath>
      <ModuleTime>0001-01-01T00:00:00</ModuleTime>
      <ModuleName>Anonymously Hosted DynamicMethods Assembly</ModuleName>
      <Classes />
    </Module>
    <Module skippedDueTo="Filter" hash="20-04-D5-5A-FF-90-7F-91-41-2A-8E-0D-26-4F-22-2F-05-43-DA-A0">
      <ModulePath>C:\Program Files\dotnet\shared\Microsoft.NETCore.App\6.0.0-rc.1.21451.13\System.Diagnostics.StackTrace.dll</ModulePath>
      <ModuleTime>2021-09-13T17:34:52Z</ModuleTime>
      <ModuleName>System.Diagnostics.StackTrace</ModuleName>
      <Classes />
    </Module>
    <Module skippedDueTo="Filter" hash="8B-08-F3-32-94-59-53-73-91-B3-DF-A7-A9-72-F8-1E-24-89-0A-F5">
      <ModulePath>C:\Program Files\dotnet\shared\Microsoft.NETCore.App\6.0.0-rc.1.21451.13\System.Reflection.Metadata.dll</ModulePath>
      <ModuleTime>2021-09-13T17:34:42Z</ModuleTime>
      <ModuleName>System.Reflection.Metadata</ModuleName>
      <Classes />
    </Module>
    <Module skippedDueTo="MissingPdb" hash="08-5C-48-A6-EA-F8-BB-A5-C4-0B-45-5B-CE-12-F0-8C-EF-E2-99-E3">
      <ModulePath>C:\Program Files\dotnet\sdk\6.0.100-rc.1.21463.6\Microsoft.TestPlatform.Build.dll</ModulePath>
      <ModuleTime>2021-09-13T18:03:06Z</ModuleTime>
      <ModuleName>Microsoft.TestPlatform.Build</ModuleName>
      <Classes />
    </Module>
    <Module skippedDueTo="MissingPdb" hash="90-4D-70-55-81-79-BD-5B-52-AF-0E-4C-FA-CC-00-BF-E7-EC-95-D9">
      <ModulePath>C:\Program Files\dotnet\sdk\6.0.100-rc.1.21463.6\NuGet.ProjectModel.dll</ModulePath>
      <ModuleTime>2021-09-13T18:03:12Z</ModuleTime>
      <ModuleName>NuGet.ProjectModel</ModuleName>
      <Classes />
    </Module>
    <Module skippedDueTo="MissingPdb" hash="F3-F2-05-17-10-34-5F-8D-BB-3F-61-6F-72-37-72-F6-73-29-12-01">
      <ModulePath>C:\Program Files\dotnet\sdk\6.0.100-rc.1.21463.6\Newtonsoft.Json.dll</ModulePath>
      <ModuleTime>2021-09-13T18:07:06Z</ModuleTime>
      <ModuleName>Newtonsoft.Json</ModuleName>
      <Classes />
    </Module>
    <Module skippedDueTo="MissingPdb" hash="B4-CF-1C-5E-05-9F-26-42-0D-92-94-E9-61-56-A2-A3-33-F3-52-D0">
      <ModulePath>C:\Program Files\dotnet\sdk\6.0.100-rc.1.21463.6\NuGet.Versioning.dll</ModulePath>
      <ModuleTime>2021-09-13T18:03:12Z</ModuleTime>
      <ModuleName>NuGet.Versioning</ModuleName>
      <Classes />
    </Module>
    <Module skippedDueTo="MissingPdb" hash="DD-F8-7B-0A-9B-7A-74-20-AC-64-8B-61-DE-2D-39-B5-C0-1A-7D-6D">
      <ModulePath>C:\Program Files\dotnet\sdk\6.0.100-rc.1.21463.6\NuGet.Packaging.dll</ModulePath>
      <ModuleTime>2021-09-13T18:03:16Z</ModuleTime>
      <ModuleName>NuGet.Packaging</ModuleName>
      <Classes />
    </Module>
    <Module skippedDueTo="MissingPdb" hash="AE-49-39-3A-60-0F-D0-C3-0E-DB-F7-C3-E7-53-AB-B4-F4-4F-76-31">
      <ModulePath>C:\Program Files\dotnet\sdk\6.0.100-rc.1.21463.6\NuGet.LibraryModel.dll</ModulePath>
      <ModuleTime>2021-09-13T18:03:12Z</ModuleTime>
      <ModuleName>NuGet.LibraryModel</ModuleName>
      <Classes />
    </Module>
    <Module skippedDueTo="MissingPdb" hash="FA-F8-8D-0B-74-07-C9-71-AE-E3-C6-19-3F-0D-DF-B0-3C-06-D8-E7">
      <ModulePath>C:\Program Files\dotnet\sdk\6.0.100-rc.1.21463.6\NuGet.Configuration.dll</ModulePath>
      <ModuleTime>2021-09-13T18:03:58Z</ModuleTime>
      <ModuleName>NuGet.Configuration</ModuleName>
      <Classes />
    </Module>
    <Module skippedDueTo="Filter" hash="F3-F7-9F-BD-6E-82-7B-70-54-98-2D-BF-9D-EB-23-54-26-9E-B7-9C">
      <ModulePath>C:\Program Files\dotnet\shared\Microsoft.NETCore.App\6.0.0-rc.1.21451.13\System.IO.Pipes.dll</ModulePath>
      <ModuleTime>2021-09-13T17:34:54Z</ModuleTime>
      <ModuleName>System.IO.Pipes</ModuleName>
      <Classes />
    </Module>
    <Module skippedDueTo="Filter" hash="88-DC-63-B8-71-5E-2F-C4-CF-59-A7-55-2B-4E-6E-60-2B-EF-E7-C6">
      <ModulePath>C:\Program Files\dotnet\shared\Microsoft.NETCore.App\6.0.0-rc.1.21451.13\System.Private.CoreLib.dll</ModulePath>
      <ModuleTime>2021-09-13T17:34:38Z</ModuleTime>
      <ModuleName>System.Private.CoreLib</ModuleName>
      <Classes />
    </Module>
    <Module skippedDueTo="MissingPdb" hash="9D-4E-04-2A-60-F6-6E-58-12-1D-F6-E6-D2-2C-7C-DB-18-A9-CE-41">
      <ModulePath>C:\Program Files\dotnet\sdk\6.0.100-rc.1.21463.6\MSBuild.dll</ModulePath>
      <ModuleTime>2021-09-13T18:03:58Z</ModuleTime>
      <ModuleName>MSBuild</ModuleName>
      <Classes />
    </Module>
    <Module skippedDueTo="Filter" hash="B9-59-00-2C-98-C9-FB-51-F0-51-F0-13-74-73-25-87-49-A4-06-A8">
      <ModulePath>C:\Program Files\dotnet\shared\Microsoft.NETCore.App\6.0.0-rc.1.21451.13\System.Runtime.dll</ModulePath>
      <ModuleTime>2021-09-13T17:34:54Z</ModuleTime>
      <ModuleName>System.Runtime</ModuleName>
      <Classes />
    </Module>
    <Module skippedDueTo="Filter" hash="EF-21-85-A9-E2-7C-C7-7D-50-0E-D2-93-29-55-1F-48-95-5E-8D-C0">
      <ModulePath>C:\Program Files\dotnet\shared\Microsoft.NETCore.App\6.0.0-rc.1.21451.13\System.Diagnostics.Tracing.dll</ModulePath>
      <ModuleTime>2021-09-13T17:34:56Z</ModuleTime>
      <ModuleName>System.Diagnostics.Tracing</ModuleName>
      <Classes />
    </Module>
    <Module skippedDueTo="Filter" hash="C7-D3-A7-09-54-72-06-C5-7B-59-D2-0D-B2-37-6D-67-81-E2-40-D1">
      <ModulePath>C:\Program Files\dotnet\shared\Microsoft.NETCore.App\6.0.0-rc.1.21451.13\System.Threading.dll</ModulePath>
      <ModuleTime>2021-09-13T17:34:50Z</ModuleTime>
      <ModuleName>System.Threading</ModuleName>
      <Classes />
    </Module>
    <Module skippedDueTo="MissingPdb" hash="3F-C0-78-AC-FF-C3-67-46-8E-F4-1D-22-79-FF-99-C1-58-DF-4C-98">
      <ModulePath>C:\Program Files\dotnet\sdk\6.0.100-rc.1.21463.6\Microsoft.Build.Framework.dll</ModulePath>
      <ModuleTime>2021-09-13T18:03:14Z</ModuleTime>
      <ModuleName>Microsoft.Build.Framework</ModuleName>
      <Classes />
    </Module>
    <Module skippedDueTo="MissingPdb" hash="5C-68-00-3F-F9-78-0A-DC-DA-EC-7E-39-8E-3E-10-EF-7E-6C-9C-1C">
      <ModulePath>C:\Program Files\dotnet\shared\Microsoft.NETCore.App\6.0.0-rc.1.21451.13\netstandard.dll</ModulePath>
      <ModuleTime>2021-09-13T17:33:34Z</ModuleTime>
      <ModuleName>netstandard</ModuleName>
      <Classes />
    </Module>
    <Module skippedDueTo="Filter" hash="3C-37-E4-F1-10-A0-76-5B-98-84-09-46-62-81-52-E5-99-DB-B1-73">
      <ModulePath>C:\Program Files\dotnet\shared\Microsoft.NETCore.App\6.0.0-rc.1.21451.13\System.Runtime.InteropServices.RuntimeInformation.dll</ModulePath>
      <ModuleTime>2021-09-13T17:34:44Z</ModuleTime>
      <ModuleName>System.Runtime.InteropServices.RuntimeInformation</ModuleName>
      <Classes />
    </Module>
    <Module skippedDueTo="Filter" hash="85-42-E1-A2-69-AB-A8-30-4A-04-00-D4-62-17-33-AE-66-45-74-0D">
      <ModulePath>C:\Program Files\dotnet\shared\Microsoft.NETCore.App\6.0.0-rc.1.21451.13\System.Diagnostics.Process.dll</ModulePath>
      <ModuleTime>2021-09-13T17:34:52Z</ModuleTime>
      <ModuleName>System.Diagnostics.Process</ModuleName>
      <Classes />
    </Module>
    <Module skippedDueTo="Filter" hash="A2-5D-D9-AB-11-F4-C0-E3-5B-7C-53-DE-05-F0-CF-CA-8A-91-9E-5A">
      <ModulePath>C:\Program Files\dotnet\shared\Microsoft.NETCore.App\6.0.0-rc.1.21451.13\System.ComponentModel.Primitives.dll</ModulePath>
      <ModuleTime>2021-09-13T17:34:50Z</ModuleTime>
      <ModuleName>System.ComponentModel.Primitives</ModuleName>
      <Classes />
    </Module>
    <Module skippedDueTo="Filter" hash="44-25-7F-68-79-C9-72-21-21-B3-6E-14-47-CE-B4-5F-AB-6B-54-35">
      <ModulePath>C:\Program Files\dotnet\shared\Microsoft.NETCore.App\6.0.0-rc.1.21451.13\System.Linq.dll</ModulePath>
      <ModuleTime>2021-09-13T17:34:34Z</ModuleTime>
      <ModuleName>System.Linq</ModuleName>
      <Classes />
    </Module>
    <Module skippedDueTo="Filter" hash="12-60-A1-D1-B0-15-49-BF-9D-4D-C7-15-E5-9A-CA-06-5C-F6-0F-B2">
      <ModulePath>C:\Program Files\dotnet\shared\Microsoft.NETCore.App\6.0.0-rc.1.21451.13\System.Text.RegularExpressions.dll</ModulePath>
      <ModuleTime>2021-09-13T17:35:36Z</ModuleTime>
      <ModuleName>System.Text.RegularExpressions</ModuleName>
      <Classes />
    </Module>
    <Module skippedDueTo="Filter" hash="FB-D9-CB-C1-3D-F7-D3-A2-EC-59-3C-65-10-29-2A-FE-B0-9D-0D-57">
      <ModulePath>C:\Program Files\dotnet\shared\Microsoft.NETCore.App\6.0.0-rc.1.21451.13\System.Collections.Concurrent.dll</ModulePath>
      <ModuleTime>2021-09-13T17:34:44Z</ModuleTime>
      <ModuleName>System.Collections.Concurrent</ModuleName>
      <Classes />
    </Module>
    <Module skippedDueTo="Filter" hash="DE-79-8B-55-8C-6C-6A-E7-47-30-34-49-A9-DE-F8-59-60-71-7E-14">
      <ModulePath>C:\Program Files\dotnet\shared\Microsoft.NETCore.App\6.0.0-rc.1.21451.13\System.Collections.dll</ModulePath>
      <ModuleTime>2021-09-13T17:35:34Z</ModuleTime>
      <ModuleName>System.Collections</ModuleName>
      <Classes />
    </Module>
    <Module skippedDueTo="Filter" hash="CD-40-7B-EB-C6-8E-70-D2-57-67-05-34-B1-91-B5-A9-60-B8-D2-55">
      <ModulePath>C:\Program Files\dotnet\shared\Microsoft.NETCore.App\6.0.0-rc.1.21451.13\System.Memory.dll</ModulePath>
      <ModuleTime>2021-09-13T17:35:38Z</ModuleTime>
      <ModuleName>System.Memory</ModuleName>
      <Classes />
    </Module>
    <Module skippedDueTo="Filter" hash="A0-5E-5E-31-CC-F1-6A-4F-28-FF-25-03-C6-5C-E6-42-DE-0B-6A-4C">
      <ModulePath>C:\Program Files\dotnet\shared\Microsoft.NETCore.App\6.0.0-rc.1.21451.13\System.Console.dll</ModulePath>
      <ModuleTime>2021-09-13T17:34:50Z</ModuleTime>
      <ModuleName>System.Console</ModuleName>
      <Classes />
    </Module>
    <Module skippedDueTo="MissingPdb" hash="A8-B1-B1-55-C3-5E-59-4A-22-44-81-3C-6D-D5-1B-A3-09-96-7E-4C">
      <ModulePath>C:\Program Files\dotnet\sdk\6.0.100-rc.1.21463.6\Microsoft.Build.dll</ModulePath>
      <ModuleTime>2021-09-13T18:03:14Z</ModuleTime>
      <ModuleName>Microsoft.Build</ModuleName>
      <Classes />
    </Module>
    <Module skippedDueTo="MissingPdb" hash="B6-B1-6B-3D-55-15-CE-0E-B0-63-F0-CF-47-4C-AE-3F-3C-1B-15-53">
      <ModulePath>C:\Program Files\dotnet\shared\Microsoft.NETCore.App\6.0.0-rc.1.21451.13\Microsoft.Win32.Primitives.dll</ModulePath>
      <ModuleTime>2021-09-13T17:34:44Z</ModuleTime>
      <ModuleName>Microsoft.Win32.Primitives</ModuleName>
      <Classes />
    </Module>
    <Module skippedDueTo="Filter" hash="6D-CA-1B-2A-F7-9D-FA-AA-7A-90-AB-B7-72-D3-36-81-10-65-73-9D">
      <ModulePath>C:\Program Files\dotnet\shared\Microsoft.NETCore.App\6.0.0-rc.1.21451.13\System.Runtime.InteropServices.dll</ModulePath>
      <ModuleTime>2021-09-13T17:34:42Z</ModuleTime>
      <ModuleName>System.Runtime.InteropServices</ModuleName>
      <Classes />
    </Module>
    <Module skippedDueTo="Filter" hash="27-49-CB-0A-48-8B-1A-3F-70-9D-0F-E4-22-89-32-09-42-B9-0B-78">
      <ModulePath>C:\Program Files\dotnet\shared\Microsoft.NETCore.App\6.0.0-rc.1.21451.13\System.Text.Encoding.CodePages.dll</ModulePath>
      <ModuleTime>2021-09-13T17:34:48Z</ModuleTime>
      <ModuleName>System.Text.Encoding.CodePages</ModuleName>
      <Classes />
    </Module>
    <Module skippedDueTo="Filter" hash="E1-85-FA-E9-C3-95-E0-61-D5-92-31-71-BF-DF-75-FB-A0-6D-B6-6D">
      <ModulePath>C:\Program Files\dotnet\shared\Microsoft.NETCore.App\6.0.0-rc.1.21451.13\System.Diagnostics.TraceSource.dll</ModulePath>
      <ModuleTime>2021-09-13T17:34:50Z</ModuleTime>
      <ModuleName>System.Diagnostics.TraceSource</ModuleName>
      <Classes />
    </Module>
    <Module skippedDueTo="Filter" hash="F3-F7-9F-BD-6E-82-7B-70-54-98-2D-BF-9D-EB-23-54-26-9E-B7-9C">
      <ModulePath>C:\Program Files\dotnet\shared\Microsoft.NETCore.App\6.0.0-rc.1.21451.13\System.IO.Pipes.dll</ModulePath>
      <ModuleTime>2021-09-13T17:34:54Z</ModuleTime>
      <ModuleName>System.IO.Pipes</ModuleName>
      <Classes />
    </Module>
    <Module skippedDueTo="Filter" hash="D0-1A-15-29-CB-5E-6B-C6-4E-14-08-32-F7-6B-5C-1F-A2-B2-B0-30">
      <ModulePath>C:\Program Files\dotnet\shared\Microsoft.NETCore.App\6.0.0-rc.1.21451.13\System.Security.AccessControl.dll</ModulePath>
      <ModuleTime>2021-09-13T17:35:38Z</ModuleTime>
      <ModuleName>System.Security.AccessControl</ModuleName>
      <Classes />
    </Module>
    <Module skippedDueTo="Filter" hash="C2-5D-04-61-02-38-6D-46-B8-FE-BA-52-1A-76-4A-AF-4B-30-73-DC">
      <ModulePath>C:\Program Files\dotnet\shared\Microsoft.NETCore.App\6.0.0-rc.1.21451.13\System.Security.Principal.Windows.dll</ModulePath>
      <ModuleTime>2021-09-13T17:35:38Z</ModuleTime>
      <ModuleName>System.Security.Principal.Windows</ModuleName>
      <Classes />
    </Module>
    <Module skippedDueTo="Filter" hash="60-A0-72-07-41-7C-DC-40-50-E7-3B-38-6B-E3-05-BC-08-9F-D0-79">
      <ModulePath>C:\Program Files\dotnet\shared\Microsoft.NETCore.App\6.0.0-rc.1.21451.13\System.Security.Claims.dll</ModulePath>
      <ModuleTime>2021-09-13T17:34:48Z</ModuleTime>
      <ModuleName>System.Security.Claims</ModuleName>
      <Classes />
    </Module>
    <Module skippedDueTo="Filter" hash="B6-99-C2-56-86-D6-C3-6E-20-0C-1C-DB-70-B0-83-37-61-F5-C4-71">
      <ModulePath>C:\Program Files\dotnet\shared\Microsoft.NETCore.App\6.0.0-rc.1.21451.13\System.Threading.Overlapped.dll</ModulePath>
      <ModuleTime>2021-09-13T17:35:42Z</ModuleTime>
      <ModuleName>System.Threading.Overlapped</ModuleName>
      <Classes />
    </Module>
    <Module skippedDueTo="Filter" hash="B7-A4-71-48-B8-36-68-F2-F0-64-19-9D-CE-A3-60-BE-F8-85-20-BF">
      <ModulePath>C:\Program Files\dotnet\shared\Microsoft.NETCore.App\6.0.0-rc.1.21451.13\System.Threading.Thread.dll</ModulePath>
      <ModuleTime>2021-09-13T17:34:54Z</ModuleTime>
      <ModuleName>System.Threading.Thread</ModuleName>
      <Classes />
    </Module>
    <Module skippedDueTo="Filter" hash="96-DF-A3-AE-7D-40-4F-0C-B8-78-0D-69-81-29-50-94-15-8A-09-1C">
      <ModulePath>C:\Program Files\dotnet\shared\Microsoft.NETCore.App\6.0.0-rc.1.21451.13\System.Diagnostics.FileVersionInfo.dll</ModulePath>
      <ModuleTime>2021-09-13T17:34:50Z</ModuleTime>
      <ModuleName>System.Diagnostics.FileVersionInfo</ModuleName>
      <Classes />
    </Module>
    <Module skippedDueTo="MissingPdb" hash="8C-49-46-51-BF-F4-E7-74-CD-C9-8F-54-6A-EB-1C-C3-11-9B-2D-49">
      <ModulePath>C:\Program Files\dotnet\sdk\6.0.100-rc.1.21463.6\Microsoft.NET.StringTools.dll</ModulePath>
      <ModuleTime>2021-09-13T18:03:36Z</ModuleTime>
      <ModuleName>Microsoft.NET.StringTools</ModuleName>
      <Classes />
    </Module>
    <Module skippedDueTo="Filter" hash="95-87-96-F7-AC-68-C7-D6-CC-82-45-78-38-1B-64-B8-5E-E5-89-45">
      <ModulePath>C:\Program Files\dotnet\shared\Microsoft.NETCore.App\6.0.0-rc.1.21451.13\System.Runtime.CompilerServices.Unsafe.dll</ModulePath>
      <ModuleTime>2021-09-13T17:34:44Z</ModuleTime>
      <ModuleName>System.Runtime.CompilerServices.Unsafe</ModuleName>
      <Classes />
    </Module>
    <Module skippedDueTo="Filter" hash="C2-55-60-F8-2F-44-22-9E-77-FC-02-B8-B5-8A-5B-A2-A9-F4-C0-DE">
      <ModulePath>C:\Program Files\dotnet\shared\Microsoft.NETCore.App\6.0.0-rc.1.21451.13\System.ObjectModel.dll</ModulePath>
      <ModuleTime>2021-09-13T17:34:40Z</ModuleTime>
      <ModuleName>System.ObjectModel</ModuleName>
      <Classes />
    </Module>
    <Module skippedDueTo="Filter" hash="3D-8D-ED-DE-48-52-48-21-63-6A-C9-6C-9D-94-38-0C-38-A2-7D-15">
      <ModulePath>C:\Program Files\dotnet\shared\Microsoft.NETCore.App\6.0.0-rc.1.21451.13\System.Threading.Tasks.Dataflow.dll</ModulePath>
      <ModuleTime>2021-09-13T17:34:50Z</ModuleTime>
      <ModuleName>System.Threading.Tasks.Dataflow</ModuleName>
      <Classes />
    </Module>
    <Module skippedDueTo="Filter" hash="36-55-C4-2C-2E-2B-C0-76-2A-CA-6D-14-28-EF-B3-4F-08-C5-85-7C">
      <ModulePath>C:\Program Files\dotnet\shared\Microsoft.NETCore.App\6.0.0-rc.1.21451.13\System.Runtime.Loader.dll</ModulePath>
      <ModuleTime>2021-09-13T17:34:54Z</ModuleTime>
      <ModuleName>System.Runtime.Loader</ModuleName>
      <Classes />
    </Module>
    <Module skippedDueTo="MissingPdb" hash="C1-86-B0-30-37-C5-D0-CF-D4-79-5C-A9-C8-F2-4C-C8-12-2D-72-86">
      <ModulePath>C:\Program Files\dotnet\sdk\6.0.100-rc.1.21463.6\dotnet.dll</ModulePath>
      <ModuleTime>2021-09-13T18:04:14Z</ModuleTime>
      <ModuleName>dotnet</ModuleName>
      <Classes />
    </Module>
    <Module skippedDueTo="Filter" hash="23-20-75-D6-B3-71-01-42-61-8F-5C-F0-92-A1-85-21-27-64-C5-71">
      <ModulePath>C:\Program Files\dotnet\shared\Microsoft.NETCore.App\6.0.0-rc.1.21451.13\System.Collections.Immutable.dll</ModulePath>
      <ModuleTime>2021-09-13T17:34:48Z</ModuleTime>
      <ModuleName>System.Collections.Immutable</ModuleName>
      <Classes />
    </Module>
    <Module skippedDueTo="MissingPdb" hash="7D-2D-39-6A-66-83-59-52-06-F1-8D-B7-D4-F7-6E-A9-1F-EE-39-B8">
      <ModulePath>C:\Program Files\dotnet\sdk\6.0.100-rc.1.21463.6\Microsoft.DotNet.Configurer.dll</ModulePath>
      <ModuleTime>2021-09-13T18:03:54Z</ModuleTime>
      <ModuleName>Microsoft.DotNet.Configurer</ModuleName>
      <Classes />
    </Module>
    <Module skippedDueTo="Filter" hash="02-22-9F-F4-6B-3E-BD-D3-93-16-21-5E-7D-58-B5-C4-88-D5-38-B1">
      <ModulePath>C:\Program Files\dotnet\sdk\6.0.100-rc.1.21463.6\System.CommandLine.dll</ModulePath>
      <ModuleTime>2021-09-13T18:03:36Z</ModuleTime>
      <ModuleName>System.CommandLine</ModuleName>
      <Classes />
    </Module>
    <Module skippedDueTo="MissingPdb" hash="5B-3C-F6-0F-D4-A2-51-B1-50-A2-D7-A6-24-F1-45-D5-06-54-B1-54">
      <ModulePath>C:\Program Files\dotnet\sdk\6.0.100-rc.1.21463.6\Microsoft.DotNet.InternalAbstractions.dll</ModulePath>
      <ModuleTime>2021-09-13T18:05:08Z</ModuleTime>
      <ModuleName>Microsoft.DotNet.InternalAbstractions</ModuleName>
      <Classes />
    </Module>
    <Module skippedDueTo="Filter" hash="75-4F-33-6B-4B-FB-80-B1-25-55-AA-EF-4A-8E-C3-9E-43-5D-23-71">
      <ModulePath>C:\Program Files\dotnet\shared\Microsoft.NETCore.App\6.0.0-rc.1.21451.13\System.Xml.ReaderWriter.dll</ModulePath>
      <ModuleTime>2021-09-13T17:32:52Z</ModuleTime>
      <ModuleName>System.Xml.ReaderWriter</ModuleName>
      <Classes />
    </Module>
    <Module skippedDueTo="Filter" hash="31-34-D6-79-27-94-6C-A6-B9-9F-6A-49-1F-46-C9-72-02-EC-FD-2E">
      <ModulePath>C:\Program Files\dotnet\shared\Microsoft.NETCore.App\6.0.0-rc.1.21451.13\System.Private.Xml.dll</ModulePath>
      <ModuleTime>2021-09-13T17:34:40Z</ModuleTime>
      <ModuleName>System.Private.Xml</ModuleName>
      <Classes />
    </Module>
    <Module skippedDueTo="Filter" hash="50-1B-9C-65-38-59-04-79-BD-CF-0A-AC-CD-55-53-E8-1A-28-DD-DD">
      <ModulePath>C:\Program Files\dotnet\shared\Microsoft.NETCore.App\6.0.0-rc.1.21451.13\System.Text.Encoding.Extensions.dll</ModulePath>
      <ModuleTime>2021-09-13T17:34:54Z</ModuleTime>
      <ModuleName>System.Text.Encoding.Extensions</ModuleName>
      <Classes />
    </Module>
    <Module skippedDueTo="Filter" hash="63-CB-22-BB-CC-94-77-93-C1-9C-22-AD-66-11-57-2F-AC-60-62-89">
      <ModulePath>C:\Program Files\dotnet\shared\Microsoft.NETCore.App\6.0.0-rc.1.21451.13\System.Private.Uri.dll</ModulePath>
      <ModuleTime>2021-09-13T17:34:42Z</ModuleTime>
      <ModuleName>System.Private.Uri</ModuleName>
      <Classes />
    </Module>
    <Module skippedDueTo="MissingPdb" hash="1C-9F-35-7B-E6-B3-8B-0F-25-2E-62-C1-25-48-1E-4A-A6-67-2A-CF">
      <ModulePath>C:\Program Files\dotnet\shared\Microsoft.NETCore.App\6.0.0-rc.1.21451.13\Microsoft.Win32.Registry.dll</ModulePath>
      <ModuleTime>2021-09-13T17:34:46Z</ModuleTime>
      <ModuleName>Microsoft.Win32.Registry</ModuleName>
      <Classes />
    </Module>
    <Module skippedDueTo="Filter" hash="79-34-81-C4-06-41-5D-D8-E3-27-A0-7D-54-35-AA-13-69-4D-F1-63">
      <ModulePath>C:\Program Files\dotnet\shared\Microsoft.NETCore.App\6.0.0-rc.1.21451.13\System.Threading.Tasks.Parallel.dll</ModulePath>
      <ModuleTime>2021-09-13T17:34:52Z</ModuleTime>
      <ModuleName>System.Threading.Tasks.Parallel</ModuleName>
      <Classes />
    </Module>
    <Module skippedDueTo="MissingPdb" hash="E4-D3-AA-21-8F-AC-4B-99-26-CA-FE-70-EE-42-2E-4A-71-95-F3-AD">
      <ModulePath>C:\Program Files\dotnet\sdk\6.0.100-rc.1.21463.6\NuGet.Frameworks.dll</ModulePath>
      <ModuleTime>2021-09-13T18:03:12Z</ModuleTime>
      <ModuleName>NuGet.Frameworks</ModuleName>
      <Classes />
    </Module>
    <Module skippedDueTo="MissingPdb" hash="AD-41-71-52-FC-44-C9-8A-04-95-86-1D-A6-0C-94-41-98-A2-B5-2B">
      <ModulePath>C:\Program Files\dotnet\sdk\6.0.100-rc.1.21463.6\Microsoft.Build.Utilities.Core.dll</ModulePath>
      <ModuleTime>2021-09-13T18:03:14Z</ModuleTime>
      <ModuleName>Microsoft.Build.Utilities.Core</ModuleName>
      <Classes />
    </Module>
    <Module skippedDueTo="Filter" hash="44-63-F6-E7-46-9D-BF-3D-53-48-85-E5-32-8E-4B-20-64-7A-7B-F3">
      <ModulePath>C:\Program Files\dotnet\shared\Microsoft.NETCore.App\6.0.0-rc.1.21451.13\System.Reflection.Emit.ILGeneration.dll</ModulePath>
      <ModuleTime>2021-09-13T17:34:52Z</ModuleTime>
      <ModuleName>System.Reflection.Emit.ILGeneration</ModuleName>
      <Classes />
    </Module>
    <Module skippedDueTo="Filter" hash="BD-EE-38-E9-BE-FF-BC-3C-DF-03-79-31-34-2B-B1-FB-63-B6-2C-EA">
      <ModulePath>C:\Program Files\dotnet\shared\Microsoft.NETCore.App\6.0.0-rc.1.21451.13\System.Reflection.Emit.Lightweight.dll</ModulePath>
      <ModuleTime>2021-09-13T17:34:54Z</ModuleTime>
      <ModuleName>System.Reflection.Emit.Lightweight</ModuleName>
      <Classes />
    </Module>
    <Module skippedDueTo="Filter" hash="68-38-24-7B-1D-74-90-7E-05-BF-51-7F-AC-4C-35-1B-A7-72-32-EB">
      <ModulePath>C:\Program Files\dotnet\shared\Microsoft.NETCore.App\6.0.0-rc.1.21451.13\System.Reflection.Primitives.dll</ModulePath>
      <ModuleTime>2021-09-13T17:35:44Z</ModuleTime>
      <ModuleName>System.Reflection.Primitives</ModuleName>
      <Classes />
    </Module>
    <Module skippedDueTo="MissingPdb" hash="19-FC-DA-BE-81-43-06-4B-62-C1-92-02-10-9D-DF-37-EB-28-0F-70">
      <ModulePath>C:\Program Files\dotnet\sdk\6.0.100-rc.1.21463.6\Microsoft.Build.Tasks.Core.dll</ModulePath>
      <ModuleTime>2021-09-13T18:03:14Z</ModuleTime>
      <ModuleName>Microsoft.Build.Tasks.Core</ModuleName>
      <Classes />
    </Module>
    <Module skippedDueTo="Filter" hash="18-AE-6A-D8-A4-93-2C-39-78-2D-3D-CE-E8-C8-74-8E-34-20-41-E0">
      <ModulePath>C:\Program Files\dotnet\shared\Microsoft.NETCore.App\6.0.0-rc.1.21451.13\System.Xml.XDocument.dll</ModulePath>
      <ModuleTime>2021-09-13T17:32:52Z</ModuleTime>
      <ModuleName>System.Xml.XDocument</ModuleName>
      <Classes />
    </Module>
    <Module skippedDueTo="Filter" hash="7C-04-42-68-C3-A2-2E-78-3F-53-FF-EE-23-63-0D-43-8E-49-2A-68">
      <ModulePath>C:\Program Files\dotnet\shared\Microsoft.NETCore.App\6.0.0-rc.1.21451.13\System.Private.Xml.Linq.dll</ModulePath>
      <ModuleTime>2021-09-13T17:35:36Z</ModuleTime>
      <ModuleName>System.Private.Xml.Linq</ModuleName>
      <Classes />
    </Module>
    <Module skippedDueTo="Filter" hash="52-B4-20-F0-E5-77-BA-A1-0F-AA-06-8C-D7-5E-92-85-CC-B4-43-03">
      <ModulePath>C:\Program Files\dotnet\shared\Microsoft.NETCore.App\6.0.0-rc.1.21451.13\System.Runtime.Serialization.Formatters.dll</ModulePath>
      <ModuleTime>2021-09-13T17:34:44Z</ModuleTime>
      <ModuleName>System.Runtime.Serialization.Formatters</ModuleName>
      <Classes />
    </Module>
    <Module skippedDueTo="MissingPdb" hash="41-1A-3A-D2-A6-DB-81-53-13-12-33-32-87-2B-D8-2F-D6-6A-35-9A">
      <ModulePath>C:\Program Files\dotnet\sdk\6.0.100-rc.1.21463.6\Sdks\Microsoft.NET.Sdk\tools\net6.0\Microsoft.NET.Build.Tasks.dll</ModulePath>
      <ModuleTime>2021-09-13T18:03:46Z</ModuleTime>
      <ModuleName>Microsoft.NET.Build.Tasks</ModuleName>
      <Classes />
    </Module>
    <Module skippedDueTo="MissingPdb" hash="E4-D3-AA-21-8F-AC-4B-99-26-CA-FE-70-EE-42-2E-4A-71-95-F3-AD">
      <ModulePath>C:\Program Files\dotnet\sdk\6.0.100-rc.1.21463.6\NuGet.Frameworks.dll</ModulePath>
      <ModuleTime>2021-09-13T18:03:12Z</ModuleTime>
      <ModuleName>NuGet.Frameworks</ModuleName>
      <Classes />
    </Module>
    <Module skippedDueTo="MissingPdb" hash="78-7D-BB-FB-57-E2-84-5F-40-23-CA-CF-A7-E4-3B-8D-06-E0-C3-D8">
      <ModulePath>C:\Program Files\dotnet\sdk\6.0.100-rc.1.21463.6\NuGet.Build.Tasks.dll</ModulePath>
      <ModuleTime>2021-09-13T18:03:12Z</ModuleTime>
      <ModuleName>NuGet.Build.Tasks</ModuleName>
      <Classes />
    </Module>
    <Module skippedDueTo="MissingPdb" hash="87-84-AE-C5-7E-8F-66-EF-FC-E2-2D-C3-FA-FF-80-AC-C0-AF-61-1A">
      <ModulePath>C:\Program Files\dotnet\sdk\6.0.100-rc.1.21463.6\NuGet.Common.dll</ModulePath>
      <ModuleTime>2021-09-13T18:03:58Z</ModuleTime>
      <ModuleName>NuGet.Common</ModuleName>
      <Classes />
    </Module>
    <Module skippedDueTo="MissingPdb" hash="C7-D8-F9-82-13-F2-8A-0F-BA-7D-71-E7-55-79-6D-23-CC-07-1F-18">
      <ModulePath>C:\Program Files\dotnet\sdk\6.0.100-rc.1.21463.6\NuGet.Commands.dll</ModulePath>
      <ModuleTime>2021-09-13T18:03:12Z</ModuleTime>
      <ModuleName>NuGet.Commands</ModuleName>
      <Classes />
    </Module>
    <Module skippedDueTo="MissingPdb" hash="90-4D-70-55-81-79-BD-5B-52-AF-0E-4C-FA-CC-00-BF-E7-EC-95-D9">
      <ModulePath>C:\Program Files\dotnet\sdk\6.0.100-rc.1.21463.6\NuGet.ProjectModel.dll</ModulePath>
      <ModuleTime>2021-09-13T18:03:12Z</ModuleTime>
      <ModuleName>NuGet.ProjectModel</ModuleName>
      <Classes />
    </Module>
    <Module skippedDueTo="Filter" hash="D4-0E-05-9B-B9-17-CB-40-D6-6B-15-24-B5-3E-BE-3D-3A-AB-0E-30">
      <ModulePath>C:\Program Files\dotnet\shared\Microsoft.NETCore.App\6.0.0-rc.1.21451.13\System.Collections.NonGeneric.dll</ModulePath>
      <ModuleTime>2021-09-13T17:34:48Z</ModuleTime>
      <ModuleName>System.Collections.NonGeneric</ModuleName>
      <Classes />
    </Module>
    <Module skippedDueTo="Filter" hash="4E-E7-CF-57-F0-F5-96-2A-79-FB-0B-42-5B-3B-63-68-D3-FC-0E-D4">
      <ModulePath>C:\Program Files\dotnet\shared\Microsoft.NETCore.App\6.0.0-rc.1.21451.13\System.Threading.ThreadPool.dll</ModulePath>
      <ModuleTime>2021-09-13T17:34:56Z</ModuleTime>
      <ModuleName>System.Threading.ThreadPool</ModuleName>
      <Classes />
    </Module>
    <Module skippedDueTo="Filter" hash="5D-65-08-5C-28-F2-01-82-85-49-66-AB-65-0C-01-39-0A-2D-54-B3">
      <ModulePath>C:\Program Files\dotnet\shared\Microsoft.NETCore.App\6.0.0-rc.1.21451.13\System.Security.Cryptography.Primitives.dll</ModulePath>
      <ModuleTime>2021-09-13T17:34:46Z</ModuleTime>
      <ModuleName>System.Security.Cryptography.Primitives</ModuleName>
      <Classes />
    </Module>
    <Module skippedDueTo="Filter" hash="F6-FA-AA-33-13-2B-B8-37-E2-42-EC-45-42-6E-77-67-25-DD-4E-83">
      <ModulePath>C:\Program Files\dotnet\shared\Microsoft.NETCore.App\6.0.0-rc.1.21451.13\System.Security.Cryptography.Algorithms.dll</ModulePath>
      <ModuleTime>2021-09-13T17:34:44Z</ModuleTime>
      <ModuleName>System.Security.Cryptography.Algorithms</ModuleName>
      <Classes />
    </Module>
    <Module skippedDueTo="MissingPdb" hash="90-4D-70-55-81-79-BD-5B-52-AF-0E-4C-FA-CC-00-BF-E7-EC-95-D9">
      <ModulePath>C:\Program Files\dotnet\sdk\6.0.100-rc.1.21463.6\NuGet.ProjectModel.dll</ModulePath>
      <ModuleTime>2021-09-13T18:03:12Z</ModuleTime>
      <ModuleName>NuGet.ProjectModel</ModuleName>
      <Classes />
    </Module>
    <Module skippedDueTo="MissingPdb" hash="B4-CF-1C-5E-05-9F-26-42-0D-92-94-E9-61-56-A2-A3-33-F3-52-D0">
      <ModulePath>C:\Program Files\dotnet\sdk\6.0.100-rc.1.21463.6\NuGet.Versioning.dll</ModulePath>
      <ModuleTime>2021-09-13T18:03:12Z</ModuleTime>
      <ModuleName>NuGet.Versioning</ModuleName>
      <Classes />
    </Module>
    <Module skippedDueTo="MissingPdb" hash="DD-F8-7B-0A-9B-7A-74-20-AC-64-8B-61-DE-2D-39-B5-C0-1A-7D-6D">
      <ModulePath>C:\Program Files\dotnet\sdk\6.0.100-rc.1.21463.6\NuGet.Packaging.dll</ModulePath>
      <ModuleTime>2021-09-13T18:03:16Z</ModuleTime>
      <ModuleName>NuGet.Packaging</ModuleName>
      <Classes />
    </Module>
    <Module skippedDueTo="Filter" hash="35-AE-02-E5-02-89-1B-BE-C9-F6-FE-84-25-D5-51-F7-D2-29-BD-89">
      <ModulePath>C:\Program Files\dotnet\shared\Microsoft.NETCore.App\6.0.0-rc.1.21451.13\System.IO.FileSystem.dll</ModulePath>
      <ModuleTime>2021-09-13T17:32:46Z</ModuleTime>
      <ModuleName>System.IO.FileSystem</ModuleName>
      <Classes />
    </Module>
    <Module skippedDueTo="MissingPdb" hash="87-84-AE-C5-7E-8F-66-EF-FC-E2-2D-C3-FA-FF-80-AC-C0-AF-61-1A">
      <ModulePath>C:\Program Files\dotnet\sdk\6.0.100-rc.1.21463.6\NuGet.Common.dll</ModulePath>
      <ModuleTime>2021-09-13T18:03:58Z</ModuleTime>
      <ModuleName>NuGet.Common</ModuleName>
      <Classes />
    </Module>
    <Module skippedDueTo="Filter" hash="05-48-B9-16-3C-9F-02-11-0D-C2-7E-A2-16-C1-E2-D3-90-22-83-85">
      <ModulePath>C:\Program Files\dotnet\shared\Microsoft.NETCore.App\6.0.0-rc.1.21451.13\System.Net.Primitives.dll</ModulePath>
      <ModuleTime>2021-09-13T17:34:36Z</ModuleTime>
      <ModuleName>System.Net.Primitives</ModuleName>
      <Classes />
    </Module>
    <Module skippedDueTo="Filter" hash="A4-FC-13-42-F1-56-1A-A4-5B-EA-BD-DF-A7-4D-33-52-B0-97-96-3B">
      <ModulePath>C:\Program Files\dotnet\shared\Microsoft.NETCore.App\6.0.0-rc.1.21451.13\System.Buffers.dll</ModulePath>
      <ModuleTime>2021-09-13T17:34:46Z</ModuleTime>
      <ModuleName>System.Buffers</ModuleName>
      <Classes />
    </Module>
    <Module skippedDueTo="Filter" hash="0E-AB-69-ED-26-E7-52-A1-D9-58-EB-78-D3-D9-49-B2-27-1A-AD-5B">
      <ModulePath>C:\Program Files\dotnet\shared\Microsoft.NETCore.App\6.0.0-rc.1.21451.13\System.ComponentModel.dll</ModulePath>
      <ModuleTime>2021-09-13T17:34:46Z</ModuleTime>
      <ModuleName>System.ComponentModel</ModuleName>
      <Classes />
    </Module>
    <Module skippedDueTo="MissingPdb" hash="C8-E8-92-F0-48-FB-76-1A-84-40-6E-C8-C0-13-DE-1B-CB-77-31-0C">
      <ModulePath>C:\Program Files\dotnet\sdk\6.0.100-rc.1.21463.6\Roslyn\Microsoft.Build.Tasks.CodeAnalysis.dll</ModulePath>
      <ModuleTime>2021-09-13T18:03:10Z</ModuleTime>
      <ModuleName>Microsoft.Build.Tasks.CodeAnalysis</ModuleName>
      <Classes />
    </Module>
    <Module skippedDueTo="Filter" hash="D4-1D-67-7D-4F-DA-59-7E-8F-51-4B-0E-22-70-67-77-96-31-58-C8">
      <ModulePath>C:\Program Files\dotnet\shared\Microsoft.NETCore.App\6.0.0-rc.1.21451.13\System.IO.MemoryMappedFiles.dll</ModulePath>
      <ModuleTime>2021-09-13T17:35:40Z</ModuleTime>
      <ModuleName>System.IO.MemoryMappedFiles</ModuleName>
      <Classes />
    </Module>
    <Module skippedDueTo="MissingPdb" hash="C8-E8-92-F0-48-FB-76-1A-84-40-6E-C8-C0-13-DE-1B-CB-77-31-0C">
      <ModulePath>C:\Program Files\dotnet\sdk\6.0.100-rc.1.21463.6\Roslyn\Microsoft.Build.Tasks.CodeAnalysis.dll</ModulePath>
      <ModuleTime>2021-09-13T18:03:10Z</ModuleTime>
      <ModuleName>Microsoft.Build.Tasks.CodeAnalysis</ModuleName>
      <Classes />
    </Module>
    <Module skippedDueTo="Filter" hash="95-D8-4D-F5-2C-2F-BF-FC-E4-82-49-93-D7-2B-FB-6A-50-F3-2C-C8">
      <ModulePath>C:\Program Files\dotnet\sdk\6.0.100-rc.1.21463.6\System.CodeDom.dll</ModulePath>
      <ModuleTime>2021-09-13T17:52:52Z</ModuleTime>
      <ModuleName>System.CodeDom</ModuleName>
      <Classes />
    </Module>
    <Module skippedDueTo="Filter" hash="F9-4B-F3-90-7A-F2-A8-E8-B8-B8-66-CA-5E-9B-2B-13-C3-F2-B5-1F">
      <ModulePath>C:\Program Files\dotnet\shared\Microsoft.NETCore.App\6.0.0-rc.1.21451.13\System.Resources.ResourceManager.dll</ModulePath>
      <ModuleTime>2021-09-13T17:34:54Z</ModuleTime>
      <ModuleName>System.Resources.ResourceManager</ModuleName>
      <Classes />
    </Module>
    <Module skippedDueTo="MissingPdb" hash="2F-43-19-62-22-7B-7C-B3-99-95-E7-2A-81-E3-13-15-5B-DD-8B-F2">
      <ModulePath>C:\Program Files\dotnet\sdk\6.0.100-rc.1.21463.6\Microsoft.Extensions.DependencyModel.dll</ModulePath>
      <ModuleTime>2021-09-13T18:03:04Z</ModuleTime>
      <ModuleName>Microsoft.Extensions.DependencyModel</ModuleName>
      <Classes />
    </Module>
    <Module skippedDueTo="Filter" hash="57-C3-3C-6F-8D-8E-45-DB-D4-4B-73-E7-17-08-A1-CD-B4-6E-81-10">
      <ModulePath>C:\Program Files\dotnet\shared\Microsoft.NETCore.App\6.0.0-rc.1.21451.13\System.Text.Encodings.Web.dll</ModulePath>
      <ModuleTime>2021-09-13T17:35:40Z</ModuleTime>
      <ModuleName>System.Text.Encodings.Web</ModuleName>
      <Classes />
    </Module>
    <Module skippedDueTo="Filter" hash="91-46-34-7E-F3-7B-51-9B-A4-DF-5D-4A-2B-86-07-56-86-BC-77-26">
      <ModulePath>C:\Program Files\dotnet\shared\Microsoft.NETCore.App\6.0.0-rc.1.21451.13\System.Runtime.Intrinsics.dll</ModulePath>
      <ModuleTime>2021-09-13T17:34:42Z</ModuleTime>
      <ModuleName>System.Runtime.Intrinsics</ModuleName>
      <Classes />
    </Module>
    <Module skippedDueTo="Filter" hash="88-DC-63-B8-71-5E-2F-C4-CF-59-A7-55-2B-4E-6E-60-2B-EF-E7-C6">
      <ModulePath>C:\Program Files\dotnet\shared\Microsoft.NETCore.App\6.0.0-rc.1.21451.13\System.Private.CoreLib.dll</ModulePath>
      <ModuleTime>2021-09-13T17:34:38Z</ModuleTime>
      <ModuleName>System.Private.CoreLib</ModuleName>
      <Classes />
    </Module>
    <Module skippedDueTo="MissingPdb" hash="10-67-C0-20-27-CA-16-43-7C-28-F2-C7-9E-35-46-CC-DE-BC-8D-E5">
      <ModulePath>C:\Program Files\dotnet\sdk\6.0.100-rc.1.21463.6\vstest.console.dll</ModulePath>
      <ModuleTime>2021-09-13T18:03:14Z</ModuleTime>
      <ModuleName>vstest.console</ModuleName>
      <Classes />
    </Module>
    <Module skippedDueTo="Filter" hash="B9-59-00-2C-98-C9-FB-51-F0-51-F0-13-74-73-25-87-49-A4-06-A8">
      <ModulePath>C:\Program Files\dotnet\shared\Microsoft.NETCore.App\6.0.0-rc.1.21451.13\System.Runtime.dll</ModulePath>
      <ModuleTime>2021-09-13T17:34:54Z</ModuleTime>
      <ModuleName>System.Runtime</ModuleName>
      <Classes />
    </Module>
    <Module skippedDueTo="MissingPdb" hash="D7-29-23-4F-5E-2E-26-C5-BF-51-FA-7E-0A-8F-DF-8D-5B-F5-70-74">
      <ModulePath>C:\Program Files\dotnet\sdk\6.0.100-rc.1.21463.6\Microsoft.TestPlatform.CoreUtilities.dll</ModulePath>
      <ModuleTime>2021-09-13T18:03:08Z</ModuleTime>
      <ModuleName>Microsoft.TestPlatform.CoreUtilities</ModuleName>
      <Classes />
    </Module>
    <Module skippedDueTo="MissingPdb" hash="5C-68-00-3F-F9-78-0A-DC-DA-EC-7E-39-8E-3E-10-EF-7E-6C-9C-1C">
      <ModulePath>C:\Program Files\dotnet\shared\Microsoft.NETCore.App\6.0.0-rc.1.21451.13\netstandard.dll</ModulePath>
      <ModuleTime>2021-09-13T17:33:34Z</ModuleTime>
      <ModuleName>netstandard</ModuleName>
      <Classes />
    </Module>
    <Module skippedDueTo="Filter" hash="85-42-E1-A2-69-AB-A8-30-4A-04-00-D4-62-17-33-AE-66-45-74-0D">
      <ModulePath>C:\Program Files\dotnet\shared\Microsoft.NETCore.App\6.0.0-rc.1.21451.13\System.Diagnostics.Process.dll</ModulePath>
      <ModuleTime>2021-09-13T17:34:52Z</ModuleTime>
      <ModuleName>System.Diagnostics.Process</ModuleName>
      <Classes />
    </Module>
[...]
      <ModuleTime>2021-08-16T20:03:18Z</ModuleTime>
      <ModuleName>System.Net</ModuleName>
      <Classes />
    </Module>
    <Module skippedDueTo="Filter" hash="B1-22-49-53-8A-50-1F-CF-53-B3-72-FF-46-3A-71-84-BB-E4-1E-60">
      <ModulePath>C:\Program Files\dotnet\shared\Microsoft.NETCore.App\3.1.19\System.Numerics.Vectors.dll</ModulePath>
      <ModuleTime>2021-08-16T20:03:08Z</ModuleTime>
      <ModuleName>System.Numerics.Vectors</ModuleName>
      <Classes />
    </Module>
    <Module skippedDueTo="Filter" hash="08-98-A8-4E-27-0E-75-E9-9D-50-7F-81-C6-5E-04-64-B9-E1-02-A7">
      <ModulePath>C:\Program Files\dotnet\shared\Microsoft.NETCore.App\3.1.19\System.Numerics.dll</ModulePath>
      <ModuleTime>2021-08-16T20:03:08Z</ModuleTime>
      <ModuleName>System.Numerics</ModuleName>
      <Classes />
    </Module>
    <Module skippedDueTo="Filter" hash="1F-73-5A-6B-C3-C1-55-FD-DB-3D-27-0F-E8-2C-6A-7E-EA-2A-8A-50">
      <ModulePath>C:\Program Files\dotnet\shared\Microsoft.NETCore.App\3.1.19\System.Private.DataContractSerialization.dll</ModulePath>
      <ModuleTime>2021-08-16T20:03:54Z</ModuleTime>
      <ModuleName>System.Private.DataContractSerialization</ModuleName>
      <Classes />
    </Module>
    <Module skippedDueTo="Filter" hash="E7-3D-D4-4E-18-10-28-18-6A-2D-7B-99-E1-26-E0-63-04-FF-A4-12">
      <ModulePath>C:\Program Files\dotnet\shared\Microsoft.NETCore.App\3.1.19\System.Reflection.DispatchProxy.dll</ModulePath>
      <ModuleTime>2021-08-16T20:03:10Z</ModuleTime>
      <ModuleName>System.Reflection.DispatchProxy</ModuleName>
      <Classes />
    </Module>
    <Module skippedDueTo="Filter" hash="7C-58-C6-0B-0E-AF-29-D5-FE-D7-13-C0-F1-7A-04-8B-51-08-21-60">
      <ModulePath>C:\Program Files\dotnet\shared\Microsoft.NETCore.App\3.1.19\System.Reflection.Emit.dll</ModulePath>
      <ModuleTime>2021-08-16T20:03:14Z</ModuleTime>
      <ModuleName>System.Reflection.Emit</ModuleName>
      <Classes />
    </Module>
    <Module skippedDueTo="Filter" hash="FA-B8-59-3D-16-C8-49-44-11-E9-1B-0C-BF-30-A5-AF-65-97-67-8E">
      <ModulePath>C:\Program Files\dotnet\shared\Microsoft.NETCore.App\3.1.19\System.Reflection.TypeExtensions.dll</ModulePath>
      <ModuleTime>2021-08-16T20:03:16Z</ModuleTime>
      <ModuleName>System.Reflection.TypeExtensions</ModuleName>
      <Classes />
    </Module>
    <Module skippedDueTo="Filter" hash="3D-7D-60-E1-07-C1-D2-5E-85-AA-E7-2B-0D-1D-51-EE-F3-8F-68-D3">
      <ModulePath>C:\Program Files\dotnet\shared\Microsoft.NETCore.App\3.1.19\System.Resources.Reader.dll</ModulePath>
      <ModuleTime>2021-08-16T20:03:16Z</ModuleTime>
      <ModuleName>System.Resources.Reader</ModuleName>
      <Classes />
    </Module>
    <Module skippedDueTo="Filter" hash="03-AC-8C-97-40-E9-64-E9-37-E6-1F-F2-03-D4-E3-AF-30-5D-17-D2">
      <ModulePath>C:\Program Files\dotnet\shared\Microsoft.NETCore.App\3.1.19\System.Resources.Writer.dll</ModulePath>
      <ModuleTime>2021-08-16T20:03:18Z</ModuleTime>
      <ModuleName>System.Resources.Writer</ModuleName>
      <Classes />
    </Module>
    <Module skippedDueTo="Filter" hash="D2-BE-87-90-50-B1-66-AB-B6-46-B8-2E-A6-85-D7-7E-A7-A7-E1-9E">
      <ModulePath>C:\Program Files\dotnet\shared\Microsoft.NETCore.App\3.1.19\System.Runtime.CompilerServices.Unsafe.dll</ModulePath>
      <ModuleTime>2021-08-16T20:03:12Z</ModuleTime>
      <ModuleName>System.Runtime.CompilerServices.Unsafe</ModuleName>
      <Classes />
    </Module>
    <Module skippedDueTo="Filter" hash="F2-93-26-58-F8-B8-FB-AC-87-CE-59-18-B2-1E-97-47-92-76-83-22">
      <ModulePath>C:\Program Files\dotnet\shared\Microsoft.NETCore.App\3.1.19\System.Runtime.CompilerServices.VisualC.dll</ModulePath>
      <ModuleTime>2021-08-16T20:03:12Z</ModuleTime>
      <ModuleName>System.Runtime.CompilerServices.VisualC</ModuleName>
      <Classes />
    </Module>
    <Module skippedDueTo="Filter" hash="D8-91-45-62-5D-9A-33-7B-08-06-72-D4-77-B2-D4-23-E6-D9-EF-87">
      <ModulePath>C:\Program Files\dotnet\shared\Microsoft.NETCore.App\3.1.19\System.Runtime.Handles.dll</ModulePath>
      <ModuleTime>2021-08-16T20:03:20Z</ModuleTime>
      <ModuleName>System.Runtime.Handles</ModuleName>
      <Classes />
    </Module>
    <Module skippedDueTo="Filter" hash="75-CD-B2-66-24-D0-2E-D5-B8-0C-84-6F-35-F4-49-10-9A-28-AF-27">
      <ModulePath>C:\Program Files\dotnet\shared\Microsoft.NETCore.App\3.1.19\System.Runtime.InteropServices.WindowsRuntime.dll</ModulePath>
      <ModuleTime>2021-08-16T20:03:20Z</ModuleTime>
      <ModuleName>System.Runtime.InteropServices.WindowsRuntime</ModuleName>
      <Classes />
    </Module>
    <Module skippedDueTo="Filter" hash="26-65-93-2F-2A-3D-D5-D6-96-3D-06-0D-17-D4-8E-9D-96-9B-4D-5C">
      <ModulePath>C:\Program Files\dotnet\shared\Microsoft.NETCore.App\3.1.19\System.Runtime.Intrinsics.dll</ModulePath>
      <ModuleTime>2021-08-16T20:03:18Z</ModuleTime>
      <ModuleName>System.Runtime.Intrinsics</ModuleName>
      <Classes />
    </Module>
    <Module skippedDueTo="Filter" hash="2C-9C-A7-13-3E-F8-2E-40-0D-13-41-36-4E-F2-E9-47-06-EF-E0-EC">
      <ModulePath>C:\Program Files\dotnet\shared\Microsoft.NETCore.App\3.1.19\System.Runtime.Serialization.Formatters.dll</ModulePath>
      <ModuleTime>2021-08-16T20:03:52Z</ModuleTime>
      <ModuleName>System.Runtime.Serialization.Formatters</ModuleName>
      <Classes />
    </Module>
    <Module skippedDueTo="Filter" hash="D2-7D-04-CB-A7-5B-DB-4A-82-78-29-65-7A-DD-33-FC-03-18-1D-48">
      <ModulePath>C:\Program Files\dotnet\shared\Microsoft.NETCore.App\3.1.19\System.Runtime.Serialization.Json.dll</ModulePath>
      <ModuleTime>2021-08-16T20:03:22Z</ModuleTime>
      <ModuleName>System.Runtime.Serialization.Json</ModuleName>
      <Classes />
    </Module>
    <Module skippedDueTo="Filter" hash="B7-3A-D9-15-61-29-A1-8E-2F-88-EC-0C-C4-21-10-4E-0D-B2-CD-53">
      <ModulePath>C:\Program Files\dotnet\shared\Microsoft.NETCore.App\3.1.19\System.Runtime.Serialization.Xml.dll</ModulePath>
      <ModuleTime>2021-08-16T20:03:22Z</ModuleTime>
      <ModuleName>System.Runtime.Serialization.Xml</ModuleName>
      <Classes />
    </Module>
    <Module skippedDueTo="Filter" hash="FD-67-AF-CF-8B-67-49-4F-5A-9E-E1-13-A2-C4-B0-EF-28-E2-DF-0F">
      <ModulePath>C:\Program Files\dotnet\shared\Microsoft.NETCore.App\3.1.19\System.Runtime.Serialization.dll</ModulePath>
      <ModuleTime>2021-08-16T20:03:20Z</ModuleTime>
      <ModuleName>System.Runtime.Serialization</ModuleName>
      <Classes />
    </Module>
    <Module skippedDueTo="Filter" hash="2E-E7-27-4A-E9-A1-C8-53-37-89-F9-B0-46-1A-79-34-36-6D-2C-69">
      <ModulePath>C:\Program Files\dotnet\shared\Microsoft.NETCore.App\3.1.19\System.Runtime.WindowsRuntime.UI.Xaml.dll</ModulePath>
      <ModuleTime>2021-08-16T20:03:22Z</ModuleTime>
      <ModuleName>System.Runtime.WindowsRuntime.UI.Xaml</ModuleName>
      <Classes />
    </Module>
    <Module skippedDueTo="Filter" hash="43-C8-96-9A-40-7D-8C-4E-DB-EC-71-81-93-88-FE-52-D2-67-FC-FA">
      <ModulePath>C:\Program Files\dotnet\shared\Microsoft.NETCore.App\3.1.19\System.Runtime.WindowsRuntime.dll</ModulePath>
      <ModuleTime>2021-08-16T20:03:22Z</ModuleTime>
      <ModuleName>System.Runtime.WindowsRuntime</ModuleName>
      <Classes />
    </Module>
    <Module skippedDueTo="MissingPdb" hash="32-C8-E9-9E-57-82-A7-5C-24-36-6D-EB-A8-57-7A-38-88-2C-1A-CA">
      <ModulePath>C:\Windows\system32\WinMetadata\Windows.Foundation.winmd</ModulePath>
      <ModuleTime>2021-09-16T07:08:19.140101Z</ModuleTime>
      <ModuleName>Windows.Foundation</ModuleName>
      <Classes />
    </Module>
    <Module skippedDueTo="MissingPdb" hash="DF-E4-CF-EC-F8-CA-01-93-A7-D2-69-A4-2D-CA-1F-93-F2-B3-CA-AF">
      <ModulePath>C:\Windows\system32\WinMetadata\Windows.Storage.winmd</ModulePath>
      <ModuleTime>2021-09-16T07:08:19.5419176Z</ModuleTime>
      <ModuleName>Windows.Storage</ModuleName>
      <Classes />
    </Module>
    <Module skippedDueTo="Filter" hash="1A-EF-48-8F-4A-7A-CC-8C-91-CA-52-78-FD-C9-BC-10-B8-64-B4-84">
      <ModulePath>C:\Program Files\dotnet\shared\Microsoft.NETCore.App\3.1.19\System.Security.Cryptography.Encoding.dll</ModulePath>
      <ModuleTime>2021-08-16T20:03:24Z</ModuleTime>
      <ModuleName>System.Security.Cryptography.Encoding</ModuleName>
      <Classes />
    </Module>
    <Module skippedDueTo="Filter" hash="29-7A-66-2C-D0-58-A2-7F-D2-63-CE-E0-2E-10-F2-D8-77-F8-31-EA">
      <ModulePath>C:\Program Files\dotnet\shared\Microsoft.NETCore.App\3.1.19\System.Security.Cryptography.Primitives.dll</ModulePath>
      <ModuleTime>2021-08-16T20:03:26Z</ModuleTime>
      <ModuleName>System.Security.Cryptography.Primitives</ModuleName>
      <Classes />
    </Module>
    <Module skippedDueTo="Filter" hash="51-37-84-D2-A0-CD-2B-A1-B9-2E-BD-CC-05-8A-9A-A9-B1-55-05-82">
      <ModulePath>C:\Program Files\dotnet\shared\Microsoft.NETCore.App\3.1.19\System.Security.Cryptography.Cng.dll</ModulePath>
      <ModuleTime>2021-08-16T20:03:54Z</ModuleTime>
      <ModuleName>System.Security.Cryptography.Cng</ModuleName>
      <Classes />
    </Module>
    <Module skippedDueTo="Filter" hash="59-76-50-05-1F-CB-8C-C8-2C-58-EC-51-D2-09-97-2A-CF-B3-DF-13">
      <ModulePath>C:\Program Files\dotnet\shared\Microsoft.NETCore.App\3.1.19\System.Security.Cryptography.Csp.dll</ModulePath>
      <ModuleTime>2021-08-16T20:03:50Z</ModuleTime>
      <ModuleName>System.Security.Cryptography.Csp</ModuleName>
      <Classes />
    </Module>
    <Module skippedDueTo="Filter" hash="25-85-F1-F6-A8-59-20-23-6B-D8-6E-17-16-CD-3B-3A-96-FF-D3-F2">
      <ModulePath>C:\Program Files\dotnet\shared\Microsoft.NETCore.App\3.1.19\System.Security.Cryptography.OpenSsl.dll</ModulePath>
      <ModuleTime>2021-08-16T20:03:24Z</ModuleTime>
      <ModuleName>System.Security.Cryptography.OpenSsl</ModuleName>
      <Classes />
    </Module>
    <Module skippedDueTo="Filter" hash="77-E0-D6-14-3E-27-64-11-C0-5D-A9-D7-C8-3D-D8-7F-C2-C9-84-41">
      <ModulePath>C:\Program Files\dotnet\shared\Microsoft.NETCore.App\3.1.19\System.Security.SecureString.dll</ModulePath>
      <ModuleTime>2021-08-16T20:03:26Z</ModuleTime>
      <ModuleName>System.Security.SecureString</ModuleName>
      <Classes />
    </Module>
    <Module skippedDueTo="Filter" hash="CF-34-66-5E-35-61-97-E6-FF-E2-74-3C-99-E7-DC-68-94-FE-24-DF">
      <ModulePath>C:\Program Files\dotnet\shared\Microsoft.NETCore.App\3.1.19\System.Security.dll</ModulePath>
      <ModuleTime>2021-08-16T20:03:24Z</ModuleTime>
      <ModuleName>System.Security</ModuleName>
      <Classes />
    </Module>
    <Module skippedDueTo="Filter" hash="3F-2A-51-B0-BE-07-3D-18-1F-30-6F-DA-DF-FB-1A-58-BA-40-3E-8D">
      <ModulePath>C:\Program Files\dotnet\shared\Microsoft.NETCore.App\3.1.19\System.ServiceModel.Web.dll</ModulePath>
      <ModuleTime>2021-08-16T20:03:26Z</ModuleTime>
      <ModuleName>System.ServiceModel.Web</ModuleName>
      <Classes />
    </Module>
    <Module skippedDueTo="Filter" hash="4C-DD-79-E7-57-BA-A5-ED-3F-8B-84-14-D8-D2-29-1B-8A-ED-8D-39">
      <ModulePath>C:\Program Files\dotnet\shared\Microsoft.NETCore.App\3.1.19\System.ServiceProcess.dll</ModulePath>
      <ModuleTime>2021-08-16T20:03:28Z</ModuleTime>
      <ModuleName>System.ServiceProcess</ModuleName>
      <Classes />
    </Module>
    <Module skippedDueTo="Filter" hash="3E-8A-97-0E-3C-37-36-B3-D7-EF-CD-68-83-90-53-56-A3-0C-D2-1C">
      <ModulePath>C:\Program Files\dotnet\shared\Microsoft.NETCore.App\3.1.19\System.Text.Encoding.CodePages.dll</ModulePath>
      <ModuleTime>2021-08-16T20:03:28Z</ModuleTime>
      <ModuleName>System.Text.Encoding.CodePages</ModuleName>
      <Classes />
    </Module>
    <Module skippedDueTo="Filter" hash="AD-6D-57-C0-28-51-E3-16-EB-EA-42-BA-1A-F6-AA-39-0B-F0-A6-30">
      <ModulePath>C:\Program Files\dotnet\shared\Microsoft.NETCore.App\3.1.19\System.Text.Encodings.Web.dll</ModulePath>
      <ModuleTime>2021-08-16T20:03:28Z</ModuleTime>
      <ModuleName>System.Text.Encodings.Web</ModuleName>
      <Classes />
    </Module>
    <Module skippedDueTo="Filter" hash="3D-6C-9A-22-D2-A3-B9-3C-86-DB-68-60-F3-32-29-03-8B-CA-DE-C7">
      <ModulePath>C:\Program Files\dotnet\shared\Microsoft.NETCore.App\3.1.19\System.Text.Json.dll</ModulePath>
      <ModuleTime>2021-08-16T20:03:30Z</ModuleTime>
      <ModuleName>System.Text.Json</ModuleName>
      <Classes />
    </Module>
    <Module skippedDueTo="Filter" hash="EE-F7-F5-54-82-52-54-2B-21-2B-74-9D-0B-FD-80-AF-61-96-06-B5">
      <ModulePath>C:\Program Files\dotnet\shared\Microsoft.NETCore.App\3.1.19\System.Threading.Channels.dll</ModulePath>
      <ModuleTime>2021-08-16T20:03:50Z</ModuleTime>
      <ModuleName>System.Threading.Channels</ModuleName>
      <Classes />
    </Module>
    <Module skippedDueTo="Filter" hash="85-CB-02-E7-F4-9A-4C-21-02-25-E7-C3-AD-77-93-F0-B2-17-03-53">
      <ModulePath>C:\Program Files\dotnet\shared\Microsoft.NETCore.App\3.1.19\System.Threading.Tasks.Dataflow.dll</ModulePath>
      <ModuleTime>2021-08-16T20:03:30Z</ModuleTime>
      <ModuleName>System.Threading.Tasks.Dataflow</ModuleName>
      <Classes />
    </Module>
    <Module skippedDueTo="Filter" hash="97-ED-B3-4F-39-2A-45-64-13-E7-2A-15-33-02-0A-78-59-FA-20-35">
      <ModulePath>C:\Program Files\dotnet\shared\Microsoft.NETCore.App\3.1.19\System.Threading.Tasks.Extensions.dll</ModulePath>
      <ModuleTime>2021-08-16T20:03:32Z</ModuleTime>
      <ModuleName>System.Threading.Tasks.Extensions</ModuleName>
      <Classes />
    </Module>
    <Module skippedDueTo="Filter" hash="77-01-E3-06-F7-D2-EA-27-52-78-67-11-21-F4-A5-C4-18-BA-B3-08">
      <ModulePath>C:\Program Files\dotnet\shared\Microsoft.NETCore.App\3.1.19\System.Threading.Tasks.Parallel.dll</ModulePath>
      <ModuleTime>2021-08-16T20:03:52Z</ModuleTime>
      <ModuleName>System.Threading.Tasks.Parallel</ModuleName>
      <Classes />
    </Module>
    <Module skippedDueTo="Filter" hash="46-DD-9E-56-B4-72-F2-46-87-1B-15-09-14-A2-C7-8B-EA-47-1B-46">
      <ModulePath>C:\Program Files\dotnet\shared\Microsoft.NETCore.App\3.1.19\System.Transactions.Local.dll</ModulePath>
      <ModuleTime>2021-08-16T20:03:12Z</ModuleTime>
      <ModuleName>System.Transactions.Local</ModuleName>
      <Classes />
    </Module>
    <Module skippedDueTo="Filter" hash="B3-E2-1A-16-C3-9C-7B-CA-BC-29-8D-4A-30-A6-04-58-EB-1F-69-C4">
      <ModulePath>C:\Program Files\dotnet\shared\Microsoft.NETCore.App\3.1.19\System.Transactions.dll</ModulePath>
      <ModuleTime>2021-08-16T20:03:12Z</ModuleTime>
      <ModuleName>System.Transactions</ModuleName>
      <Classes />
    </Module>
    <Module skippedDueTo="Filter" hash="F1-94-BC-33-BA-93-C4-6E-6B-64-8C-C6-0C-A6-54-47-2A-5D-E7-88">
      <ModulePath>C:\Program Files\dotnet\shared\Microsoft.NETCore.App\3.1.19\System.ValueTuple.dll</ModulePath>
      <ModuleTime>2021-08-16T20:03:08Z</ModuleTime>
      <ModuleName>System.ValueTuple</ModuleName>
      <Classes />
    </Module>
    <Module skippedDueTo="Filter" hash="25-CB-29-31-F1-DC-B3-16-C2-C2-9A-7C-83-F7-76-18-A4-EC-93-2E">
      <ModulePath>C:\Program Files\dotnet\shared\Microsoft.NETCore.App\3.1.19\System.Web.HttpUtility.dll</ModulePath>
      <ModuleTime>2021-08-16T20:03:38Z</ModuleTime>
      <ModuleName>System.Web.HttpUtility</ModuleName>
      <Classes />
    </Module>
    <Module skippedDueTo="Filter" hash="4F-C0-F5-8B-75-AA-38-D1-41-36-13-8D-61-C3-CC-5E-41-66-93-8A">
      <ModulePath>C:\Program Files\dotnet\shared\Microsoft.NETCore.App\3.1.19\System.Web.dll</ModulePath>
      <ModuleTime>2021-08-16T20:03:10Z</ModuleTime>
      <ModuleName>System.Web</ModuleName>
      <Classes />
    </Module>
    <Module skippedDueTo="Filter" hash="19-3E-40-C5-42-F1-5D-80-A2-28-7B-39-6F-81-E3-EB-56-00-A9-DF">
      <ModulePath>C:\Program Files\dotnet\shared\Microsoft.NETCore.App\3.1.19\System.Windows.dll</ModulePath>
      <ModuleTime>2021-08-16T20:03:08Z</ModuleTime>
      <ModuleName>System.Windows</ModuleName>
      <Classes />
    </Module>
    <Module skippedDueTo="Filter" hash="A2-4E-E4-12-FE-85-D1-E8-DA-14-DA-B0-A0-00-61-53-D2-05-AC-01">
      <ModulePath>C:\Program Files\dotnet\shared\Microsoft.NETCore.App\3.1.19\System.Xml.Linq.dll</ModulePath>
      <ModuleTime>2021-08-16T20:03:12Z</ModuleTime>
      <ModuleName>System.Xml.Linq</ModuleName>
      <Classes />
    </Module>
    <Module skippedDueTo="Filter" hash="8D-F7-48-DD-FF-EB-30-1B-F3-BF-F5-CE-4B-1A-8E-1A-CE-CC-3D-FA">
      <ModulePath>C:\Program Files\dotnet\shared\Microsoft.NETCore.App\3.1.19\System.Xml.Serialization.dll</ModulePath>
      <ModuleTime>2021-08-16T20:03:08Z</ModuleTime>
      <ModuleName>System.Xml.Serialization</ModuleName>
      <Classes />
    </Module>
    <Module skippedDueTo="Filter" hash="52-A3-6C-34-5D-77-CB-9B-58-CA-FF-E8-00-34-A8-6A-0E-92-7C-5B">
      <ModulePath>C:\Program Files\dotnet\shared\Microsoft.NETCore.App\3.1.19\System.Xml.XPath.XDocument.dll</ModulePath>
      <ModuleTime>2021-08-16T20:03:38Z</ModuleTime>
      <ModuleName>System.Xml.XPath.XDocument</ModuleName>
      <Classes />
    </Module>
    <Module skippedDueTo="Filter" hash="77-E9-99-94-5B-81-D6-EC-9B-3D-7F-4B-37-FC-09-27-0B-6E-02-53">
      <ModulePath>C:\Program Files\dotnet\shared\Microsoft.NETCore.App\3.1.19\System.Xml.XPath.dll</ModulePath>
      <ModuleTime>2021-08-16T20:03:14Z</ModuleTime>
      <ModuleName>System.Xml.XPath</ModuleName>
      <Classes />
    </Module>
    <Module skippedDueTo="Filter" hash="E1-EC-CF-BF-10-BE-57-E5-36-68-EF-F6-32-90-7F-9F-14-58-0C-74">
      <ModulePath>C:\Program Files\dotnet\shared\Microsoft.NETCore.App\3.1.19\System.Xml.XmlDocument.dll</ModulePath>
      <ModuleTime>2021-08-16T20:03:38Z</ModuleTime>
      <ModuleName>System.Xml.XmlDocument</ModuleName>
      <Classes />
    </Module>
    <Module skippedDueTo="Filter" hash="6C-17-13-04-59-7B-0D-7A-9E-B7-50-9E-36-BC-DC-0A-6E-28-1B-CF">
      <ModulePath>C:\Program Files\dotnet\shared\Microsoft.NETCore.App\3.1.19\System.Xml.XmlSerializer.dll</ModulePath>
      <ModuleTime>2021-08-16T20:03:10Z</ModuleTime>
      <ModuleName>System.Xml.XmlSerializer</ModuleName>
      <Classes />
    </Module>
    <Module skippedDueTo="Filter" hash="33-88-6C-B2-12-E9-14-F8-82-B7-F7-8B-36-29-4B-DA-01-C4-22-24">
      <ModulePath>C:\Program Files\dotnet\shared\Microsoft.NETCore.App\3.1.19\System.Xml.dll</ModulePath>
      <ModuleTime>2021-08-16T20:03:38Z</ModuleTime>
      <ModuleName>System.Xml</ModuleName>
      <Classes />
    </Module>
    <Module skippedDueTo="Filter" hash="52-28-40-A5-C9-24-81-DA-87-FB-A3-70-02-02-BE-C2-C9-2A-7F-14">
      <ModulePath>C:\Program Files\dotnet\shared\Microsoft.NETCore.App\3.1.19\System.dll</ModulePath>
      <ModuleTime>2021-08-16T20:03:10Z</ModuleTime>
      <ModuleName>System</ModuleName>
      <Classes />
    </Module>
    <Module skippedDueTo="MissingPdb" hash="23-9F-C6-93-8A-02-77-15-C8-21-EE-F5-97-38-11-F5-9F-FA-B4-70">
      <ModulePath>C:\Program Files\dotnet\shared\Microsoft.NETCore.App\3.1.19\WindowsBase.dll</ModulePath>
      <ModuleTime>2021-08-16T20:03:12Z</ModuleTime>
      <ModuleName>WindowsBase</ModuleName>
      <Classes />
    </Module>
    <Module skippedDueTo="Filter" hash="2B-0E-C4-2C-54-CA-19-66-1A-7E-27-2A-03-A3-92-F0-59-0C-D6-9D">
      <ModulePath>C:\OpenSource\grok.net-forked\src\Grok.Net.Tests\bin\Release\netcoreapp3.1\xunit.runner.reporters.netcoreapp10.dll</ModulePath>
      <ModuleTime>2018-10-29T04:17:14Z</ModuleTime>
      <ModuleName>xunit.runner.reporters.netcoreapp10</ModuleName>
      <Classes />
    </Module>
    <Module skippedDueTo="Filter" hash="81-48-8E-CA-A5-B9-7A-0F-00-04-D9-05-3D-F8-9B-C8-CC-66-86-A7">
      <ModulePath>C:\OpenSource\grok.net-forked\src\Grok.Net.Tests\bin\Release\netcoreapp3.1\xunit.runner.visualstudio.dotnetcore.testadapter.dll</ModulePath>
      <ModuleTime>2018-10-29T04:17:12Z</ModuleTime>
      <ModuleName>xunit.runner.visualstudio.dotnetcore.testadapter</ModuleName>
      <Classes />
    </Module>
  </Modules>
</CoverageSession>
